#
# There is insufficient memory for the Java Runtime Environment to continue.
# Native memory allocation (malloc) failed to allocate 720096 bytes for Chunk::new
# Possible reasons:
#   The system is out of physical RAM or swap space
#   The process is running with CompressedOops enabled, and the Java Heap may be blocking the growth of the native heap
# Possible solutions:
#   Reduce memory load on the system
#   Increase physical memory or swap space
#   Check if swap backing store is full
#   Decrease Java heap size (-Xmx/-Xms)
#   Decrease number of Java threads
#   Decrease Java thread stack sizes (-Xss)
#   Set larger code cache with -XX:ReservedCodeCacheSize=
#   JVM is running with Unscaled Compressed Oops mode in which the Java heap is
#     placed in the first 4GB address space. The Java Heap base address is the
#     maximum limit for the native heap growth. Please use -XX:HeapBaseMinAddress
#     to set the Java Heap base and to place the Java Heap above 4GB virtual address.
# This output file may be truncated or incomplete.
#
#  Out of Memory Error (./open/src/hotspot/share/memory/arena.cpp:195), pid=7500, tid=1960
#
# JRE version: Java(TM) SE Runtime Environment (14.0.1+7) (build 14.0.1+7)
# Java VM: Java HotSpot(TM) 64-Bit Server VM (14.0.1+7, mixed mode, sharing, tiered, compressed oops, g1 gc, windows-amd64)
# No core dump will be written. Minidumps are not enabled by default on client versions of Windows
#

---------------  S U M M A R Y ------------

Command Line: -Dmaven.multiModuleProjectDirectory=D:\GitHub\SpringBoot-Angular7-Online-Shopping-Store\backend -Dmaven.home=C:\Program Files\JetBrains\IntelliJ IDEA 2020.2\plugins\maven\lib\maven3 -Dclassworlds.conf=C:\Program Files\JetBrains\IntelliJ IDEA 2020.2\plugins\maven\lib\maven3\bin\m2.conf -Dmaven.ext.class.path=C:\Program Files\JetBrains\IntelliJ IDEA 2020.2\plugins\maven\lib\maven-event-listener.jar -javaagent:C:\Program Files\JetBrains\IntelliJ IDEA 2020.2\lib\idea_rt.jar=53709:C:\Program Files\JetBrains\IntelliJ IDEA 2020.2\bin -Dfile.encoding=UTF-8 org.codehaus.classworlds.Launcher -Didea.version=2020.2 -DskipTests=true clean install

Host: Intel(R) Core(TM) i5-2410M CPU @ 2.30GHz, 4 cores, 3G,  Windows 10 , 64 bit Build 19041 (10.0.19041.546)
Time: Sat Dec 12 12:34:26 2020 SE Asia Standard Time elapsed time: 3 seconds (0d 0h 0m 3s)

---------------  T H R E A D  ---------------

Current thread (0x0000020ef6671000):  JavaThread "C2 CompilerThread0" daemon [_thread_in_native, id=1960, stack(0x000000c5e1400000,0x000000c5e1500000)]


Current CompileTask:
C2:   3836 1934   !   4       java.net.URL::<init> (543 bytes)

Stack: [0x000000c5e1400000,0x000000c5e1500000]
Native frames: (J=compiled Java code, j=interpreted, Vv=VM code, C=native code)
V  [jvm.dll+0x5f840a]
V  [jvm.dll+0x741e4a]
V  [jvm.dll+0x7435ff]
V  [jvm.dll+0x743c43]
V  [jvm.dll+0x20d288]
V  [jvm.dll+0xabb07]
V  [jvm.dll+0xac1fc]
V  [jvm.dll+0x276db4]
V  [jvm.dll+0x50ca4a]
V  [jvm.dll+0x1ee1da]
V  [jvm.dll+0x1e7cfb]
V  [jvm.dll+0x1e4f98]
V  [jvm.dll+0x1779cc]
V  [jvm.dll+0x1f4105]
V  [jvm.dll+0x1f22eb]
V  [jvm.dll+0x706a9d]
V  [jvm.dll+0x6ff8ba]
V  [jvm.dll+0x5f72c6]
C  [ucrtbase.dll+0x214c2]
C  [KERNEL32.DLL+0x17034]
C  [ntdll.dll+0x4cec1]


---------------  P R O C E S S  ---------------

Threads class SMR info:
_java_thread_list=0x0000020ef7169d50, length=12, elements={
0x0000020eda4ce800, 0x0000020eda5ab800, 0x0000020eda5ac800, 0x0000020ef6667800,
0x0000020ef666a800, 0x0000020ef666b800, 0x0000020ef6671000, 0x0000020ef6675000,
0x0000020ef6681800, 0x0000020eda592000, 0x0000020ef7131000, 0x0000020ef7131800
}

Java Threads: ( => current thread )
  0x0000020eda4ce800 JavaThread "main" [_thread_in_vm, id=244, stack(0x000000c5e0800000,0x000000c5e0900000)]
  0x0000020eda5ab800 JavaThread "Reference Handler" daemon [_thread_blocked, id=16308, stack(0x000000c5e0f00000,0x000000c5e1000000)]
  0x0000020eda5ac800 JavaThread "Finalizer" daemon [_thread_blocked, id=14216, stack(0x000000c5e1000000,0x000000c5e1100000)]
  0x0000020ef6667800 JavaThread "Signal Dispatcher" daemon [_thread_blocked, id=15384, stack(0x000000c5e1100000,0x000000c5e1200000)]
  0x0000020ef666a800 JavaThread "Attach Listener" daemon [_thread_blocked, id=2492, stack(0x000000c5e1200000,0x000000c5e1300000)]
  0x0000020ef666b800 JavaThread "Service Thread" daemon [_thread_blocked, id=16240, stack(0x000000c5e1300000,0x000000c5e1400000)]
=>0x0000020ef6671000 JavaThread "C2 CompilerThread0" daemon [_thread_in_native, id=1960, stack(0x000000c5e1400000,0x000000c5e1500000)]
  0x0000020ef6675000 JavaThread "C1 CompilerThread0" daemon [_thread_in_native, id=9596, stack(0x000000c5e1500000,0x000000c5e1600000)]
  0x0000020ef6681800 JavaThread "Sweeper thread" daemon [_thread_blocked, id=10096, stack(0x000000c5e1600000,0x000000c5e1700000)]
  0x0000020eda592000 JavaThread "Common-Cleaner" daemon [_thread_blocked, id=15912, stack(0x000000c5e1700000,0x000000c5e1800000)]
  0x0000020ef7131000 JavaThread "Monitor Ctrl-Break" daemon [_thread_in_native, id=7908, stack(0x000000c5e1800000,0x000000c5e1900000)]
  0x0000020ef7131800 JavaThread "Notification Thread" daemon [_thread_blocked, id=11508, stack(0x000000c5e1900000,0x000000c5e1a00000)]

Other Threads:
  0x0000020eda5aa800 VMThread "VM Thread" [stack: 0x000000c5e0e00000,0x000000c5e0f00000] [id=964]
  0x0000020ef7133000 WatcherThread [stack: 0x000000c5e1a00000,0x000000c5e1b00000] [id=7640]
  0x0000020eda500000 GCTaskThread "GC Thread#0" [stack: 0x000000c5e0900000,0x000000c5e0a00000] [id=14368]
  0x0000020ef77bf000 GCTaskThread "GC Thread#1" [stack: 0x000000c5e1b00000,0x000000c5e1c00000] [id=4320]
  0x0000020eda509800 ConcurrentGCThread "G1 Main Marker" [stack: 0x000000c5e0a00000,0x000000c5e0b00000] [id=8816]
  0x0000020eda50b000 ConcurrentGCThread "G1 Conc#0" [stack: 0x000000c5e0b00000,0x000000c5e0c00000] [id=5896]
  0x0000020eda561800 ConcurrentGCThread "G1 Refine#0" [stack: 0x000000c5e0c00000,0x000000c5e0d00000] [id=4836]
  0x0000020ef713f800 ConcurrentGCThread "G1 Refine#1" [stack: 0x000000c5e1c00000,0x000000c5e1d00000] [id=16412]
  0x0000020eda562800 ConcurrentGCThread "G1 Young RemSet Sampling" [stack: 0x000000c5e0d00000,0x000000c5e0e00000] [id=6104]

Threads with active compile tasks:
C2 CompilerThread0     4383 1934   !   4       java.net.URL::<init> (543 bytes)
C1 CompilerThread0     4383 2163   !   2       java.io.PrintStream::write (83 bytes)

VM state:not at safepoint (normal execution)

VM Mutex/Monitor currently owned by a thread: None

Heap address: 0x00000000c1600000, size: 1002 MB, Compressed Oops mode: 32-bit
Narrow klass base: 0x0000000800000000, Narrow klass shift: 3
Compressed class space size: 1073741824 Address: 0x0000000800b30000

Heap:
 garbage-first heap   total 65536K, used 21350K [0x00000000c1600000, 0x0000000100000000)
  region size 1024K, 19 young (19456K), 2 survivors (2048K)
 Metaspace       used 11917K, capacity 13155K, committed 13184K, reserved 1062912K
  class space    used 1439K, capacity 1645K, committed 1664K, reserved 1048576K
Heap Regions: E=young(eden), S=young(survivor), O=old, HS=humongous(starts), HC=humongous(continues), CS=collection set, F=free, OA=open archive, CA=closed archive, TAMS=top-at-mark-start (previous, next)
|   0|0x00000000c1600000, 0x00000000c1700000, 0x00000000c1700000|100%| O|  |TAMS 0x00000000c1600000, 0x00000000c1600000| Untracked 
|   1|0x00000000c1700000, 0x00000000c1800000, 0x00000000c1800000|100%| O|  |TAMS 0x00000000c1700000, 0x00000000c1700000| Untracked 
|   2|0x00000000c1800000, 0x00000000c1900000, 0x00000000c1900000|100%| O|  |TAMS 0x00000000c1800000, 0x00000000c1800000| Untracked 
|   3|0x00000000c1900000, 0x00000000c195d800, 0x00000000c1a00000| 36%| O|  |TAMS 0x00000000c1900000, 0x00000000c1900000| Untracked 
|   4|0x00000000c1a00000, 0x00000000c1a00000, 0x00000000c1b00000|  0%| F|  |TAMS 0x00000000c1a00000, 0x00000000c1a00000| Untracked 
|   5|0x00000000c1b00000, 0x00000000c1b00000, 0x00000000c1c00000|  0%| F|  |TAMS 0x00000000c1b00000, 0x00000000c1b00000| Untracked 
|   6|0x00000000c1c00000, 0x00000000c1c00000, 0x00000000c1d00000|  0%| F|  |TAMS 0x00000000c1c00000, 0x00000000c1c00000| Untracked 
|   7|0x00000000c1d00000, 0x00000000c1d00000, 0x00000000c1e00000|  0%| F|  |TAMS 0x00000000c1d00000, 0x00000000c1d00000| Untracked 
|   8|0x00000000c1e00000, 0x00000000c1e00000, 0x00000000c1f00000|  0%| F|  |TAMS 0x00000000c1e00000, 0x00000000c1e00000| Untracked 
|   9|0x00000000c1f00000, 0x00000000c1f00000, 0x00000000c2000000|  0%| F|  |TAMS 0x00000000c1f00000, 0x00000000c1f00000| Untracked 
|  10|0x00000000c2000000, 0x00000000c2000000, 0x00000000c2100000|  0%| F|  |TAMS 0x00000000c2000000, 0x00000000c2000000| Untracked 
|  11|0x00000000c2100000, 0x00000000c2100000, 0x00000000c2200000|  0%| F|  |TAMS 0x00000000c2100000, 0x00000000c2100000| Untracked 
|  12|0x00000000c2200000, 0x00000000c2200000, 0x00000000c2300000|  0%| F|  |TAMS 0x00000000c2200000, 0x00000000c2200000| Untracked 
|  13|0x00000000c2300000, 0x00000000c2300000, 0x00000000c2400000|  0%| F|  |TAMS 0x00000000c2300000, 0x00000000c2300000| Untracked 
|  14|0x00000000c2400000, 0x00000000c2400000, 0x00000000c2500000|  0%| F|  |TAMS 0x00000000c2400000, 0x00000000c2400000| Untracked 
|  15|0x00000000c2500000, 0x00000000c2500000, 0x00000000c2600000|  0%| F|  |TAMS 0x00000000c2500000, 0x00000000c2500000| Untracked 
|  16|0x00000000c2600000, 0x00000000c2600000, 0x00000000c2700000|  0%| F|  |TAMS 0x00000000c2600000, 0x00000000c2600000| Untracked 
|  17|0x00000000c2700000, 0x00000000c2700000, 0x00000000c2800000|  0%| F|  |TAMS 0x00000000c2700000, 0x00000000c2700000| Untracked 
|  18|0x00000000c2800000, 0x00000000c2800000, 0x00000000c2900000|  0%| F|  |TAMS 0x00000000c2800000, 0x00000000c2800000| Untracked 
|  19|0x00000000c2900000, 0x00000000c2900000, 0x00000000c2a00000|  0%| F|  |TAMS 0x00000000c2900000, 0x00000000c2900000| Untracked 
|  20|0x00000000c2a00000, 0x00000000c2a00000, 0x00000000c2b00000|  0%| F|  |TAMS 0x00000000c2a00000, 0x00000000c2a00000| Untracked 
|  21|0x00000000c2b00000, 0x00000000c2b00000, 0x00000000c2c00000|  0%| F|  |TAMS 0x00000000c2b00000, 0x00000000c2b00000| Untracked 
|  22|0x00000000c2c00000, 0x00000000c2c00000, 0x00000000c2d00000|  0%| F|  |TAMS 0x00000000c2c00000, 0x00000000c2c00000| Untracked 
|  23|0x00000000c2d00000, 0x00000000c2d00000, 0x00000000c2e00000|  0%| F|  |TAMS 0x00000000c2d00000, 0x00000000c2d00000| Untracked 
|  24|0x00000000c2e00000, 0x00000000c2e00000, 0x00000000c2f00000|  0%| F|  |TAMS 0x00000000c2e00000, 0x00000000c2e00000| Untracked 
|  25|0x00000000c2f00000, 0x00000000c2f00000, 0x00000000c3000000|  0%| F|  |TAMS 0x00000000c2f00000, 0x00000000c2f00000| Untracked 
|  26|0x00000000c3000000, 0x00000000c3000000, 0x00000000c3100000|  0%| F|  |TAMS 0x00000000c3000000, 0x00000000c3000000| Untracked 
|  27|0x00000000c3100000, 0x00000000c3100000, 0x00000000c3200000|  0%| F|  |TAMS 0x00000000c3100000, 0x00000000c3100000| Untracked 
|  28|0x00000000c3200000, 0x00000000c3200000, 0x00000000c3300000|  0%| F|  |TAMS 0x00000000c3200000, 0x00000000c3200000| Untracked 
|  29|0x00000000c3300000, 0x00000000c3300000, 0x00000000c3400000|  0%| F|  |TAMS 0x00000000c3300000, 0x00000000c3300000| Untracked 
|  30|0x00000000c3400000, 0x00000000c3400000, 0x00000000c3500000|  0%| F|  |TAMS 0x00000000c3400000, 0x00000000c3400000| Untracked 
|  31|0x00000000c3500000, 0x00000000c3500000, 0x00000000c3600000|  0%| F|  |TAMS 0x00000000c3500000, 0x00000000c3500000| Untracked 
|  32|0x00000000c3600000, 0x00000000c3600000, 0x00000000c3700000|  0%| F|  |TAMS 0x00000000c3600000, 0x00000000c3600000| Untracked 
|  33|0x00000000c3700000, 0x00000000c3700000, 0x00000000c3800000|  0%| F|  |TAMS 0x00000000c3700000, 0x00000000c3700000| Untracked 
|  34|0x00000000c3800000, 0x00000000c3800000, 0x00000000c3900000|  0%| F|  |TAMS 0x00000000c3800000, 0x00000000c3800000| Untracked 
|  35|0x00000000c3900000, 0x00000000c3900000, 0x00000000c3a00000|  0%| F|  |TAMS 0x00000000c3900000, 0x00000000c3900000| Untracked 
|  36|0x00000000c3a00000, 0x00000000c3a00000, 0x00000000c3b00000|  0%| F|  |TAMS 0x00000000c3a00000, 0x00000000c3a00000| Untracked 
|  37|0x00000000c3b00000, 0x00000000c3b7c278, 0x00000000c3c00000| 48%| S|CS|TAMS 0x00000000c3b00000, 0x00000000c3b00000| Complete 
|  38|0x00000000c3c00000, 0x00000000c3d00000, 0x00000000c3d00000|100%| S|CS|TAMS 0x00000000c3c00000, 0x00000000c3c00000| Complete 
|  39|0x00000000c3d00000, 0x00000000c3d00000, 0x00000000c3e00000|  0%| F|  |TAMS 0x00000000c3d00000, 0x00000000c3d00000| Untracked 
|  40|0x00000000c3e00000, 0x00000000c3e00000, 0x00000000c3f00000|  0%| F|  |TAMS 0x00000000c3e00000, 0x00000000c3e00000| Untracked 
|  41|0x00000000c3f00000, 0x00000000c3f00000, 0x00000000c4000000|  0%| F|  |TAMS 0x00000000c3f00000, 0x00000000c3f00000| Untracked 
|  42|0x00000000c4000000, 0x00000000c4000000, 0x00000000c4100000|  0%| F|  |TAMS 0x00000000c4000000, 0x00000000c4000000| Untracked 
|  43|0x00000000c4100000, 0x00000000c4100000, 0x00000000c4200000|  0%| F|  |TAMS 0x00000000c4100000, 0x00000000c4100000| Untracked 
|  44|0x00000000c4200000, 0x00000000c4200000, 0x00000000c4300000|  0%| F|  |TAMS 0x00000000c4200000, 0x00000000c4200000| Untracked 
|  45|0x00000000c4300000, 0x00000000c4300000, 0x00000000c4400000|  0%| F|  |TAMS 0x00000000c4300000, 0x00000000c4300000| Untracked 
|  46|0x00000000c4400000, 0x00000000c4400000, 0x00000000c4500000|  0%| F|  |TAMS 0x00000000c4400000, 0x00000000c4400000| Untracked 
|  47|0x00000000c4500000, 0x00000000c4584010, 0x00000000c4600000| 51%| E|  |TAMS 0x00000000c4500000, 0x00000000c4500000| Complete 
|  48|0x00000000c4600000, 0x00000000c4700000, 0x00000000c4700000|100%| E|CS|TAMS 0x00000000c4600000, 0x00000000c4600000| Complete 
|  49|0x00000000c4700000, 0x00000000c4800000, 0x00000000c4800000|100%| E|CS|TAMS 0x00000000c4700000, 0x00000000c4700000| Complete 
|  50|0x00000000c4800000, 0x00000000c4900000, 0x00000000c4900000|100%| E|CS|TAMS 0x00000000c4800000, 0x00000000c4800000| Complete 
|  51|0x00000000c4900000, 0x00000000c4a00000, 0x00000000c4a00000|100%| E|CS|TAMS 0x00000000c4900000, 0x00000000c4900000| Complete 
|  52|0x00000000c4a00000, 0x00000000c4b00000, 0x00000000c4b00000|100%| E|CS|TAMS 0x00000000c4a00000, 0x00000000c4a00000| Complete 
|  53|0x00000000c4b00000, 0x00000000c4c00000, 0x00000000c4c00000|100%| E|CS|TAMS 0x00000000c4b00000, 0x00000000c4b00000| Complete 
|  54|0x00000000c4c00000, 0x00000000c4d00000, 0x00000000c4d00000|100%| E|CS|TAMS 0x00000000c4c00000, 0x00000000c4c00000| Complete 
|  55|0x00000000c4d00000, 0x00000000c4e00000, 0x00000000c4e00000|100%| E|CS|TAMS 0x00000000c4d00000, 0x00000000c4d00000| Complete 
|  56|0x00000000c4e00000, 0x00000000c4f00000, 0x00000000c4f00000|100%| E|CS|TAMS 0x00000000c4e00000, 0x00000000c4e00000| Complete 
|  57|0x00000000c4f00000, 0x00000000c5000000, 0x00000000c5000000|100%| E|CS|TAMS 0x00000000c4f00000, 0x00000000c4f00000| Complete 
|  58|0x00000000c5000000, 0x00000000c5100000, 0x00000000c5100000|100%| E|CS|TAMS 0x00000000c5000000, 0x00000000c5000000| Complete 
|  59|0x00000000c5100000, 0x00000000c5200000, 0x00000000c5200000|100%| E|CS|TAMS 0x00000000c5100000, 0x00000000c5100000| Complete 
|  60|0x00000000c5200000, 0x00000000c5300000, 0x00000000c5300000|100%| E|CS|TAMS 0x00000000c5200000, 0x00000000c5200000| Complete 
|  61|0x00000000c5300000, 0x00000000c5400000, 0x00000000c5400000|100%| E|CS|TAMS 0x00000000c5300000, 0x00000000c5300000| Complete 
|  62|0x00000000c5400000, 0x00000000c5500000, 0x00000000c5500000|100%| E|CS|TAMS 0x00000000c5400000, 0x00000000c5400000| Complete 
|  63|0x00000000c5500000, 0x00000000c5600000, 0x00000000c5600000|100%| E|CS|TAMS 0x00000000c5500000, 0x00000000c5500000| Complete 

Card table byte_map: [0x0000020ef1e80000,0x0000020ef2080000] _byte_map_base: 0x0000020ef1875000

Marking Bits (Prev, Next): (CMBitMap*) 0x0000020eda500c08, (CMBitMap*) 0x0000020eda500c48
 Prev Bits: [0x0000020ef2280000, 0x0000020ef3228000)
 Next Bits: [0x0000020ef3230000, 0x0000020ef41d8000)

Polling page: 0x0000020ed9cb0000

Metaspace:

Usage:
  Non-class:     11.30 MB capacity,    10.25 MB ( 91%) used,     1.03 MB (  9%) free+waste,    17.06 KB ( <1%) overhead. 
      Class:      1.61 MB capacity,     1.41 MB ( 88%) used,   193.74 KB ( 12%) free+waste,     8.25 KB ( <1%) overhead. 
       Both:     12.91 MB capacity,    11.66 MB ( 90%) used,     1.22 MB (  9%) free+waste,    25.31 KB ( <1%) overhead. 

Virtual space:
  Non-class space:       14.00 MB reserved,      11.50 MB ( 82%) committed 
      Class space:        1.00 GB reserved,       1.63 MB ( <1%) committed 
             Both:        1.01 GB reserved,      13.13 MB (  1%) committed 

Chunk freelists:
   Non-Class:  10.00 KB
       Class:  19.00 KB
        Both:  29.00 KB

MaxMetaspaceSize: 17179869184.00 GB
CompressedClassSpaceSize: 1.00 GB

CodeHeap 'non-profiled nmethods': size=120000Kb used=722Kb max_used=722Kb free=119277Kb
 bounds [0x0000020eea750000, 0x0000020eea9c0000, 0x0000020ef1c80000]
CodeHeap 'profiled nmethods': size=120000Kb used=4545Kb max_used=4545Kb free=115455Kb
 bounds [0x0000020ee3220000, 0x0000020ee36a0000, 0x0000020eea750000]
CodeHeap 'non-nmethods': size=5760Kb used=1187Kb max_used=1199Kb free=4572Kb
 bounds [0x0000020ee2c80000, 0x0000020ee2ef0000, 0x0000020ee3220000]
 total_blobs=3304 nmethods=2145 adapters=353
 compilation: enabled
              stopped_count=0, restarted_count=0
 full_count=0

Compilation events (20 events):
Event: 3.794 Thread 0x0000020ef6675000 1973       3       com.google.inject.internal.MoreTypes::equals (286 bytes)
Event: 3.797 Thread 0x0000020ef6675000 nmethod 1973 0x0000020ee3620210 code [0x0000020ee3620620, 0x0000020ee3623028]
Event: 3.798 Thread 0x0000020ef6675000 1974       3       com.google.inject.TypeLiteral::equals (30 bytes)
Event: 3.799 Thread 0x0000020ef6675000 nmethod 1974 0x0000020ee3623610 code [0x0000020ee36237c0, 0x0000020ee3623bc8]
Event: 3.800 Thread 0x0000020ef6675000 1975       3       com.google.inject.internal.InternalContext::pushState (7 bytes)
Event: 3.800 Thread 0x0000020ef6675000 nmethod 1975 0x0000020ee3623c90 code [0x0000020ee3623e40, 0x0000020ee3623f88]
Event: 3.800 Thread 0x0000020ef6675000 1976       3       java.lang.String::lastIndexOf (10 bytes)
Event: 3.800 Thread 0x0000020ef6675000 nmethod 1976 0x0000020ee3624010 code [0x0000020ee36241e0, 0x0000020ee3624608]
Event: 3.800 Thread 0x0000020ef6675000 1978       3       sun.reflect.generics.parser.SignatureParser::parseClassTypeSignature (118 bytes)
Event: 3.803 Thread 0x0000020ef6675000 nmethod 1978 0x0000020ee3624810 code [0x0000020ee3624bc0, 0x0000020ee3626318]
Event: 3.803 Thread 0x0000020ef6675000 1977       3       java.lang.String::lastIndexOf (18 bytes)
Event: 3.804 Thread 0x0000020ef6675000 nmethod 1977 0x0000020ee3626b10 code [0x0000020ee3626ce0, 0x0000020ee3626fc8]
Event: 3.805 Thread 0x0000020ef6675000 1979       3       java.util.HashMap::afterNodeRemoval (1 bytes)
Event: 3.806 Thread 0x0000020ef6675000 nmethod 1979 0x0000020ee3627110 code [0x0000020ee36272a0, 0x0000020ee36273b8]
Event: 3.808 Thread 0x0000020ef6675000 1980       3       org.eclipse.sisu.bean.BeanPropertyIterator::hasNext (126 bytes)
Event: 3.809 Thread 0x0000020ef6675000 nmethod 1980 0x0000020ee3627490 code [0x0000020ee3627720, 0x0000020ee3628908]
Event: 3.809 Thread 0x0000020ef6675000 1981   !   3       com.google.inject.internal.Initializer$InjectableReference::get (254 bytes)
Event: 3.812 Thread 0x0000020ef6675000 nmethod 1981 0x0000020ee3628c10 code [0x0000020ee3628f80, 0x0000020ee362a368]
Event: 3.812 Thread 0x0000020ef6675000 1982       1       com.google.inject.internal.BindingImpl::getInjector (5 bytes)
Event: 3.812 Thread 0x0000020ef6675000 nmethod 1982 0x0000020eea800410 code [0x0000020eea8005a0, 0x0000020eea800678]

GC Heap History (6 events):
Event: 1.848 GC heap before
{Heap before GC invocations=0 (full 0):
 garbage-first heap   total 65536K, used 12288K [0x00000000c1600000, 0x0000000100000000)
  region size 1024K, 13 young (13312K), 0 survivors (0K)
 Metaspace       used 3914K, capacity 6215K, committed 6400K, reserved 1056768K
  class space    used 404K, capacity 651K, committed 768K, reserved 1048576K
}
Event: 1.863 GC heap after
{Heap after GC invocations=1 (full 0):
 garbage-first heap   total 65536K, used 3424K [0x00000000c1600000, 0x0000000100000000)
  region size 1024K, 2 young (2048K), 2 survivors (2048K)
 Metaspace       used 3914K, capacity 6215K, committed 6400K, reserved 1056768K
  class space    used 404K, capacity 651K, committed 768K, reserved 1048576K
}
Event: 2.331 GC heap before
{Heap before GC invocations=1 (full 0):
 garbage-first heap   total 65536K, used 16736K [0x00000000c1600000, 0x0000000100000000)
  region size 1024K, 15 young (15360K), 2 survivors (2048K)
 Metaspace       used 6163K, capacity 7961K, committed 8192K, reserved 1056768K
  class space    used 719K, capacity 913K, committed 1024K, reserved 1048576K
}
Event: 2.340 GC heap after
{Heap after GC invocations=2 (full 0):
 garbage-first heap   total 65536K, used 4140K [0x00000000c1600000, 0x0000000100000000)
  region size 1024K, 1 young (1024K), 1 survivors (1024K)
 Metaspace       used 6163K, capacity 7961K, committed 8192K, reserved 1056768K
  class space    used 719K, capacity 913K, committed 1024K, reserved 1048576K
}
Event: 3.159 GC heap before
{Heap before GC invocations=2 (full 0):
 garbage-first heap   total 65536K, used 28716K [0x00000000c1600000, 0x0000000100000000)
  region size 1024K, 25 young (25600K), 1 survivors (1024K)
 Metaspace       used 9293K, capacity 10768K, committed 10880K, reserved 1058816K
  class space    used 1109K, capacity 1312K, committed 1408K, reserved 1048576K
}
Event: 3.166 GC heap after
{Heap after GC invocations=3 (full 0):
 garbage-first heap   total 65536K, used 4966K [0x00000000c1600000, 0x0000000100000000)
  region size 1024K, 2 young (2048K), 2 survivors (2048K)
 Metaspace       used 9293K, capacity 10768K, committed 10880K, reserved 1058816K
  class space    used 1109K, capacity 1312K, committed 1408K, reserved 1048576K
}

Deoptimization events (20 events):
Event: 2.690 Thread 0x0000020eda4ce800 DEOPT PACKING pc=0x0000020ee34dce70 sp=0x000000c5e08fd6a0
Event: 2.690 Thread 0x0000020eda4ce800 DEOPT UNPACKING pc=0x0000020ee2cc964e sp=0x000000c5e08fcc90 mode 0
Event: 3.025 Thread 0x0000020eda4ce800 DEOPT PACKING pc=0x0000020ee34dce70 sp=0x000000c5e08f8740
Event: 3.025 Thread 0x0000020eda4ce800 DEOPT UNPACKING pc=0x0000020ee2cc964e sp=0x000000c5e08f7d28 mode 0
Event: 3.658 Thread 0x0000020eda4ce800 Uncommon trap: trap_request=0xffffffde fr.pc=0x0000020eea7fcc08 relative=0x0000000000000128
Event: 3.658 Thread 0x0000020eda4ce800 Uncommon trap: reason=class_check action=maybe_recompile pc=0x0000020eea7fcc08 method=jdk.internal.misc.Unsafe.allocateUninitializedArray(Ljava/lang/Class;I)Ljava/lang/Object; @ 51 c2
Event: 3.658 Thread 0x0000020eda4ce800 DEOPT PACKING pc=0x0000020eea7fcc08 sp=0x000000c5e08f5440
Event: 3.658 Thread 0x0000020eda4ce800 DEOPT UNPACKING pc=0x0000020ee2cc912f sp=0x000000c5e08f53c8 mode 2
Event: 3.659 Thread 0x0000020eda4ce800 Uncommon trap: trap_request=0xffffffde fr.pc=0x0000020eea7fcc08 relative=0x0000000000000128
Event: 3.659 Thread 0x0000020eda4ce800 Uncommon trap: reason=class_check action=maybe_recompile pc=0x0000020eea7fcc08 method=jdk.internal.misc.Unsafe.allocateUninitializedArray(Ljava/lang/Class;I)Ljava/lang/Object; @ 51 c2
Event: 3.659 Thread 0x0000020eda4ce800 DEOPT PACKING pc=0x0000020eea7fcc08 sp=0x000000c5e08f5670
Event: 3.659 Thread 0x0000020eda4ce800 DEOPT UNPACKING pc=0x0000020ee2cc912f sp=0x000000c5e08f55f8 mode 2
Event: 3.659 Thread 0x0000020eda4ce800 Uncommon trap: trap_request=0xffffffde fr.pc=0x0000020eea7fcc08 relative=0x0000000000000128
Event: 3.659 Thread 0x0000020eda4ce800 Uncommon trap: reason=class_check action=maybe_recompile pc=0x0000020eea7fcc08 method=jdk.internal.misc.Unsafe.allocateUninitializedArray(Ljava/lang/Class;I)Ljava/lang/Object; @ 51 c2
Event: 3.659 Thread 0x0000020eda4ce800 DEOPT PACKING pc=0x0000020eea7fcc08 sp=0x000000c5e08f5800
Event: 3.659 Thread 0x0000020eda4ce800 DEOPT UNPACKING pc=0x0000020ee2cc912f sp=0x000000c5e08f5788 mode 2
Event: 3.660 Thread 0x0000020eda4ce800 Uncommon trap: trap_request=0xffffffde fr.pc=0x0000020eea7fcc08 relative=0x0000000000000128
Event: 3.660 Thread 0x0000020eda4ce800 Uncommon trap: reason=class_check action=maybe_recompile pc=0x0000020eea7fcc08 method=jdk.internal.misc.Unsafe.allocateUninitializedArray(Ljava/lang/Class;I)Ljava/lang/Object; @ 51 c2
Event: 3.660 Thread 0x0000020eda4ce800 DEOPT PACKING pc=0x0000020eea7fcc08 sp=0x000000c5e08f5440
Event: 3.660 Thread 0x0000020eda4ce800 DEOPT UNPACKING pc=0x0000020ee2cc912f sp=0x000000c5e08f53c8 mode 2

Classes unloaded (0 events):
No events

Classes redefined (0 events):
No events

Internal exceptions (5 events):
Event: 0.739 Thread 0x0000020eda4ce800 Exception <a 'java/lang/NoSuchMethodError'{0x00000000c52de0d8}: 'int java.lang.invoke.DirectMethodHandle$Holder.invokeSpecialIFC(java.lang.Object, java.lang.Object, int)'> (0x00000000c52de0d8) 
thrown [./open/src/hotspot/share/interpreter/linkResolver.cpp, line 766]
Event: 0.842 Thread 0x0000020eda4ce800 Exception <a 'java/lang/NoSuchMethodError'{0x00000000c51f3d08}: 'java.lang.Object java.lang.invoke.DirectMethodHandle$Holder.invokeStaticInit(java.lang.Object, int, int, int, int)'> (0x00000000c51f3d08) 
thrown [./open/src/hotspot/share/interpreter/linkResolver.cpp, line 766]
Event: 1.130 Thread 0x0000020eda4ce800 Exception <a 'java/lang/NoSuchMethodError'{0x00000000c50b7d98}: 'java.lang.Object java.lang.invoke.DirectMethodHandle$Holder.invokeStaticInit(java.lang.Object, java.lang.Object, int, int, int, int)'> (0x00000000c50b7d98) 
thrown [./open/src/hotspot/share/interpreter/linkResolver.cpp, line 766]
Event: 3.618 Thread 0x0000020eda4ce800 Exception <a 'java/lang/NoClassDefFoundError'{0x00000000c4a4eac0}: com/google/inject/servlet/ServletModuleTargetVisitor> (0x00000000c4a4eac0) 
thrown [./open/src/hotspot/share/classfile/systemDictionary.cpp, line 215]
Event: 3.618 Thread 0x0000020eda4ce800 Exception <a 'java/lang/NoClassDefFoundError'{0x00000000c4a51668}: javax/annotation/Priority> (0x00000000c4a51668) 
thrown [./open/src/hotspot/share/classfile/systemDictionary.cpp, line 215]

Events (20 events):
Event: 3.490 loading class sun/reflect/generics/scope/MethodScope
Event: 3.490 loading class sun/reflect/generics/scope/MethodScope done
Event: 3.490 loading class sun/reflect/generics/repository/MethodRepository
Event: 3.491 loading class sun/reflect/generics/repository/MethodRepository done
Event: 3.554 loading class java/util/ConcurrentModificationException
Event: 3.556 loading class java/util/ConcurrentModificationException done
Event: 3.574 Executing VM operation: HandshakeAllThreads
Event: 3.575 Executing VM operation: HandshakeAllThreads done
Event: 3.585 loading class jdk/internal/reflect/UnsafeObjectFieldAccessorImpl
Event: 3.586 loading class jdk/internal/reflect/UnsafeObjectFieldAccessorImpl done
Event: 3.690 loading class java/util/regex/Pattern$Curly
Event: 3.690 loading class java/util/regex/Pattern$Curly done
Event: 3.720 loading class java/util/concurrent/ThreadPoolExecutor
Event: 3.728 loading class java/util/concurrent/ThreadPoolExecutor done
Event: 3.728 loading class java/util/concurrent/ThreadPoolExecutor$AbortPolicy
Event: 3.729 loading class java/util/concurrent/RejectedExecutionHandler
Event: 3.730 loading class java/util/concurrent/RejectedExecutionHandler done
Event: 3.730 loading class java/util/concurrent/ThreadPoolExecutor$AbortPolicy done
Event: 3.807 Executing VM operation: ICBufferFull
Event: 3.807 Executing VM operation: ICBufferFull done


Dynamic libraries:
0x00007ff667de0000 - 0x00007ff667def000 	C:\Program Files\Java\jdk-14.0.1\bin\java.exe
0x00007ff912a50000 - 0x00007ff912c46000 	C:\Windows\SYSTEM32\ntdll.dll
0x00007ff911820000 - 0x00007ff9118dd000 	C:\Windows\System32\KERNEL32.DLL
0x00007ff910320000 - 0x00007ff9105e8000 	C:\Windows\System32\KERNELBASE.dll
0x00007ff910880000 - 0x00007ff910980000 	C:\Windows\System32\ucrtbase.dll
0x00007ff8ee830000 - 0x00007ff8ee848000 	C:\Program Files\Java\jdk-14.0.1\bin\jli.dll
0x00007ff912960000 - 0x00007ff912a0c000 	C:\Windows\System32\ADVAPI32.dll
0x00007ff911780000 - 0x00007ff91181e000 	C:\Windows\System32\msvcrt.dll
0x00007ff8edc20000 - 0x00007ff8edc35000 	C:\Program Files\Java\jdk-14.0.1\bin\VCRUNTIME140.dll
0x00007ff910df0000 - 0x00007ff910e8b000 	C:\Windows\System32\sechost.dll
0x00007ff912190000 - 0x00007ff9122b4000 	C:\Windows\System32\RPCRT4.dll
0x00007ff9126f0000 - 0x00007ff912890000 	C:\Windows\System32\USER32.dll
0x00007ff910690000 - 0x00007ff9106b2000 	C:\Windows\System32\win32u.dll
0x00007ff911750000 - 0x00007ff91177a000 	C:\Windows\System32\GDI32.dll
0x00007ff910770000 - 0x00007ff910879000 	C:\Windows\System32\gdi32full.dll
0x00007ff9105f0000 - 0x00007ff91068d000 	C:\Windows\System32\msvcp_win.dll
0x00007ff8fe960000 - 0x00007ff8febfb000 	C:\Windows\WinSxS\amd64_microsoft.windows.common-controls_6595b64144ccf1df_6.0.19041.488_none_ca04af081b815d21\COMCTL32.dll
0x00007ff9053f0000 - 0x00007ff9053fa000 	C:\Windows\SYSTEM32\VERSION.dll
0x00007ff912380000 - 0x00007ff9123b0000 	C:\Windows\System32\IMM32.DLL
0x00007ff8da880000 - 0x00007ff8da91b000 	C:\Program Files\Java\jdk-14.0.1\bin\msvcp140.dll
0x00007ff8ada40000 - 0x00007ff8ae55e000 	C:\Program Files\Java\jdk-14.0.1\bin\server\jvm.dll
0x00007ff912370000 - 0x00007ff912378000 	C:\Windows\System32\PSAPI.DLL
0x00007ff90d540000 - 0x00007ff90d549000 	C:\Windows\SYSTEM32\WSOCK32.dll
0x00007ff910ac0000 - 0x00007ff910b2b000 	C:\Windows\System32\WS2_32.dll
0x00007ff905400000 - 0x00007ff905427000 	C:\Windows\SYSTEM32\WINMM.dll
0x00007ff90e0e0000 - 0x00007ff90e0f2000 	C:\Windows\SYSTEM32\kernel.appcore.dll
0x00007ff8fe7a0000 - 0x00007ff8fe7aa000 	C:\Program Files\Java\jdk-14.0.1\bin\jimage.dll
0x00007ff909d30000 - 0x00007ff909f14000 	C:\Windows\SYSTEM32\DBGHELP.DLL
0x00007ff909910000 - 0x00007ff90993c000 	C:\Windows\SYSTEM32\dbgcore.DLL
0x00007ff9109d0000 - 0x00007ff910a4f000 	C:\Windows\System32\bcryptPrimitives.dll
0x00007ff90af50000 - 0x00007ff90af5e000 	C:\Program Files\Java\jdk-14.0.1\bin\instrument.dll
0x00007ff8e6da0000 - 0x00007ff8e6dc5000 	C:\Program Files\Java\jdk-14.0.1\bin\java.dll
0x00007ff8e7190000 - 0x00007ff8e71a6000 	C:\Program Files\Java\jdk-14.0.1\bin\zip.dll
0x00007ff910f70000 - 0x00007ff9116b1000 	C:\Windows\System32\SHELL32.dll
0x00007ff90e2e0000 - 0x00007ff90ea75000 	C:\Windows\SYSTEM32\windows.storage.dll
0x00007ff911910000 - 0x00007ff911c65000 	C:\Windows\System32\combase.dll
0x00007ff90fc00000 - 0x00007ff90fc2c000 	C:\Windows\SYSTEM32\Wldp.dll
0x00007ff9120e0000 - 0x00007ff91218e000 	C:\Windows\System32\SHCORE.dll
0x00007ff910d30000 - 0x00007ff910d85000 	C:\Windows\System32\shlwapi.dll
0x00007ff9100c0000 - 0x00007ff9100e6000 	C:\Windows\SYSTEM32\profapi.dll
0x00007ff8e6d80000 - 0x00007ff8e6d99000 	C:\Program Files\Java\jdk-14.0.1\bin\net.dll
0x00007ff90ae30000 - 0x00007ff90af30000 	C:\Windows\SYSTEM32\WINHTTP.dll
0x00007ff90f980000 - 0x00007ff90f9ea000 	C:\Windows\system32\mswsock.dll
0x00007ff8e6d60000 - 0x00007ff8e6d72000 	C:\Program Files\Java\jdk-14.0.1\bin\nio.dll
0x00007ff908e70000 - 0x00007ff908e8a000 	C:\Program Files\JetBrains\IntelliJ IDEA 2020.2\bin\breakgen64.dll
0x00007ff8f45f0000 - 0x00007ff8f4600000 	C:\Program Files\Java\jdk-14.0.1\bin\verify.dll
0x00007ff90fb50000 - 0x00007ff90fb68000 	C:\Windows\SYSTEM32\CRYPTSP.dll
0x00007ff90f2a0000 - 0x00007ff90f2d4000 	C:\Windows\system32\rsaenh.dll
0x00007ff910190000 - 0x00007ff9101b7000 	C:\Windows\System32\bcrypt.dll
0x00007ff910080000 - 0x00007ff9100ae000 	C:\Windows\SYSTEM32\USERENV.dll
0x00007ff90fb70000 - 0x00007ff90fb7c000 	C:\Windows\SYSTEM32\CRYPTBASE.dll
0x00007ff90f620000 - 0x00007ff90f65b000 	C:\Windows\SYSTEM32\IPHLPAPI.DLL
0x00007ff910ab0000 - 0x00007ff910ab8000 	C:\Windows\System32\NSI.dll
0x00007ff90a6a0000 - 0x00007ff90a6b7000 	C:\Windows\SYSTEM32\dhcpcsvc6.DLL
0x00007ff90a560000 - 0x00007ff90a57d000 	C:\Windows\SYSTEM32\dhcpcsvc.DLL
0x00007ff90f670000 - 0x00007ff90f73b000 	C:\Windows\SYSTEM32\DNSAPI.dll
0x00007ff90a220000 - 0x00007ff90a22a000 	C:\Users\Admin\AppData\Local\Temp\jansi-1.17.1-3062079342564210747.dll
0x00007ff908ec0000 - 0x00007ff908eca000 	C:\Users\Admin\AppData\Local\Temp\jansi-1.17.1-11034004560171373138.dll

dbghelp: loaded successfully - version: 4.0.5 - missing functions: none
symbol engine: initialized successfully - sym options: 0x614 - pdb path: .;C:\Program Files\Java\jdk-14.0.1\bin;C:\Windows\SYSTEM32;C:\Windows\WinSxS\amd64_microsoft.windows.common-controls_6595b64144ccf1df_6.0.19041.488_none_ca04af081b815d21;C:\Program Files\Java\jdk-14.0.1\bin\server;C:\Program Files\JetBrains\IntelliJ IDEA 2020.2\bin;C:\Users\Admin\AppData\Local\Temp

VM Arguments:
jvm_args: -Dmaven.multiModuleProjectDirectory=D:\GitHub\SpringBoot-Angular7-Online-Shopping-Store\backend -Dmaven.home=C:\Program Files\JetBrains\IntelliJ IDEA 2020.2\plugins\maven\lib\maven3 -Dclassworlds.conf=C:\Program Files\JetBrains\IntelliJ IDEA 2020.2\plugins\maven\lib\maven3\bin\m2.conf -Dmaven.ext.class.path=C:\Program Files\JetBrains\IntelliJ IDEA 2020.2\plugins\maven\lib\maven-event-listener.jar -javaagent:C:\Program Files\JetBrains\IntelliJ IDEA 2020.2\lib\idea_rt.jar=53709:C:\Program Files\JetBrains\IntelliJ IDEA 2020.2\bin -Dfile.encoding=UTF-8 
java_command: org.codehaus.classworlds.Launcher -Didea.version=2020.2 -DskipTests=true clean install
java_class_path (initial): C:\Program Files\JetBrains\IntelliJ IDEA 2020.2\plugins\maven\lib\maven3\boot\plexus-classworlds-2.6.0.jar;C:\Program Files\JetBrains\IntelliJ IDEA 2020.2\plugins\maven\lib\maven3\boot\plexus-classworlds.license
Launcher Type: SUN_STANDARD

[Global flags]
     intx CICompilerCount                          = 3                                         {product} {ergonomic}
     uint ConcGCThreads                            = 1                                         {product} {ergonomic}
     uint G1ConcRefinementThreads                  = 4                                         {product} {ergonomic}
   size_t G1HeapRegionSize                         = 1048576                                   {product} {ergonomic}
    uintx GCDrainStackTargetSize                   = 64                                        {product} {ergonomic}
   size_t InitialHeapSize                          = 67108864                                  {product} {ergonomic}
   size_t MarkStackSize                            = 4194304                                   {product} {ergonomic}
   size_t MaxHeapSize                              = 1050673152                                {product} {ergonomic}
   size_t MaxNewSize                               = 630194176                                 {product} {ergonomic}
   size_t MinHeapDeltaBytes                        = 1048576                                   {product} {ergonomic}
   size_t MinHeapSize                              = 8388608                                   {product} {ergonomic}
    uintx NonNMethodCodeHeapSize                   = 5832780                                {pd product} {ergonomic}
    uintx NonProfiledCodeHeapSize                  = 122912730                              {pd product} {ergonomic}
    uintx ProfiledCodeHeapSize                     = 122912730                              {pd product} {ergonomic}
    uintx ReservedCodeCacheSize                    = 251658240                              {pd product} {ergonomic}
     bool SegmentedCodeCache                       = true                                      {product} {ergonomic}
   size_t SoftMaxHeapSize                          = 1050673152                             {manageable} {ergonomic}
     bool UseCompressedClassPointers               = true                                 {lp64_product} {ergonomic}
     bool UseCompressedOops                        = true                                 {lp64_product} {ergonomic}
     bool UseG1GC                                  = true                                      {product} {ergonomic}
     bool UseLargePagesIndividualAllocation        = false                                  {pd product} {ergonomic}

Logging:
Log output configuration:
 #0: stdout all=warning uptime,level,tags
 #1: stderr all=off uptime,level,tags

Environment Variables:
JAVA_HOME=C:\Program Files\Java\jdk-14.0.1
JRE_HOME=C:\Program Files (x86)\Java\jre1.8.0_261
PATH=C:\Program Files (x86)\VMware\VMware Workstation\bin\;C:\Program Files (x86)\Common Files\Oracle\Java\javapath;C:\Windows\system32;C:\Windows;C:\Windows\System32\Wbem;C:\Windows\System32\WindowsPowerShell\v1.0\;C:\Windows\System32\OpenSSH\;C:\Program Files (x86)\ATI Technologies\ATI.ACE\Core-Static;C:\Program Files\Microsoft SQL Server\Client SDK\ODBC\170\Tools\Binn\;C:\Program Files (x86)\Microsoft SQL Server\150\Tools\Binn\;C:\Program Files\Microsoft SQL Server\150\Tools\Binn\;C:\Program Files\Microsoft SQL Server\150\DTS\Binn\;C:\Program Files (x86)\Microsoft SQL Server\150\DTS\Binn\;C:\Program Files\Git\cmd;C:\Program Files\nodejs\;"%CLASSPATH%;C:\JUnit\junit-4.10;.;";C:\Program Files\MySQL\MySQL Server 8.0\bin;C:\Program Files\PostgreSQL\12\bin;C:\Program Files\Java\jdk-14.0.1\bin;C:\Program Files (x86)\Java\apache-maven-3.6.3\bin;C:\Program Files (x86)\Yarn\bin\;C:\Program Files\MySQL\MySQL Shell 8.0\bin\;C:\Users\Admin\AppData\Local\Programs\Python\Python37\Scripts\;C:\Users\Admin\AppData\Local\Programs\Python\Python37\;C:\Users\Admin\AppData\Local\Microsoft\WindowsApps;C:\Users\Admin\AppData\Local\Programs\Microsoft VS Code\bin;C:\Users\Admin\AppData\Local\GitHubDesktop\bin;C:\Users\Admin\AppData\Roaming\npm;C:\Program Files\JetBrains\IntelliJ IDEA 2020.2\bin;;C:\Program Files\Java\jdk-14.0.1\bin;C:\Users\Admin\AppData\Local\Yarn\bin
USERNAME=Admin
OS=Windows_NT
PROCESSOR_IDENTIFIER=Intel64 Family 6 Model 42 Stepping 7, GenuineIntel



---------------  S Y S T E M  ---------------

OS: Windows 10 , 64 bit Build 19041 (10.0.19041.546)
OS uptime: 3 days 6:56 hours

CPU:total 4 (initial active 4) (2 cores per cpu, 2 threads per core) family 6 model 42 stepping 7, cmov, cx8, fxsr, mmx, sse, sse2, sse3, ssse3, sse4.1, sse4.2, popcnt, avx, aes, clmul, ht, tsc, tscinvbit

Memory: 4k page, system-wide physical 4003M (254M free)
TotalPageFile size 16291M (AvailPageFile size 0M)
current process WorkingSet (physical memory assigned to process): 95M, peak: 95M
current process commit charge ("private bytes"): 165M, peak: 165M

vm_info: Java HotSpot(TM) 64-Bit Server VM (14.0.1+7) for windows-amd64 JRE (14.0.1+7), built on Mar  5 2020 10:30:14 by "mach5one" with MS VC++ 15.9 (VS2017)

END.
