#
# There is insufficient memory for the Java Runtime Environment to continue.
# Native memory allocation (malloc) failed to allocate 2352352 bytes for Chunk::new
# Possible reasons:
#   The system is out of physical RAM or swap space
#   The process is running with CompressedOops enabled, and the Java Heap may be blocking the growth of the native heap
# Possible solutions:
#   Reduce memory load on the system
#   Increase physical memory or swap space
#   Check if swap backing store is full
#   Decrease Java heap size (-Xmx/-Xms)
#   Decrease number of Java threads
#   Decrease Java thread stack sizes (-Xss)
#   Set larger code cache with -XX:ReservedCodeCacheSize=
#   JVM is running with Unscaled Compressed Oops mode in which the Java heap is
#     placed in the first 4GB address space. The Java Heap base address is the
#     maximum limit for the native heap growth. Please use -XX:HeapBaseMinAddress
#     to set the Java Heap base and to place the Java Heap above 4GB virtual address.
# This output file may be truncated or incomplete.
#
#  Out of Memory Error (./open/src/hotspot/share/memory/arena.cpp:195), pid=2524, tid=2212
#
# JRE version: Java(TM) SE Runtime Environment (14.0.1+7) (build 14.0.1+7)
# Java VM: Java HotSpot(TM) 64-Bit Server VM (14.0.1+7, mixed mode, sharing, tiered, compressed oops, g1 gc, windows-amd64)
# No core dump will be written. Minidumps are not enabled by default on client versions of Windows
#

---------------  S U M M A R Y ------------

Command Line: -Dmaven.multiModuleProjectDirectory=D:\GitHub\SpringBoot-Angular7-Online-Shopping-Store\backend -Dmaven.home=C:\Program Files\JetBrains\IntelliJ IDEA 2020.2\plugins\maven\lib\maven3 -Dclassworlds.conf=C:\Program Files\JetBrains\IntelliJ IDEA 2020.2\plugins\maven\lib\maven3\bin\m2.conf -Dmaven.ext.class.path=C:\Program Files\JetBrains\IntelliJ IDEA 2020.2\plugins\maven\lib\maven-event-listener.jar -javaagent:C:\Program Files\JetBrains\IntelliJ IDEA 2020.2\lib\idea_rt.jar=53714:C:\Program Files\JetBrains\IntelliJ IDEA 2020.2\bin -Dfile.encoding=UTF-8 org.codehaus.classworlds.Launcher -Didea.version=2020.2 -DskipTests=true clean install

Host: Intel(R) Core(TM) i5-2410M CPU @ 2.30GHz, 4 cores, 3G,  Windows 10 , 64 bit Build 19041 (10.0.19041.546)
Time: Sat Dec 12 12:35:18 2020 SE Asia Standard Time elapsed time: 16 seconds (0d 0h 0m 16s)

---------------  T H R E A D  ---------------

Current thread (0x0000023174d7b000):  JavaThread "C2 CompilerThread0" daemon [_thread_in_native, id=2212, stack(0x000000c01e300000,0x000000c01e400000)]


Current CompileTask:
C2:  16152 6576   !   4       lombok.core.AST::buildWithField0 (122 bytes)

Stack: [0x000000c01e300000,0x000000c01e400000]
Native frames: (J=compiled Java code, j=interpreted, Vv=VM code, C=native code)
V  [jvm.dll+0x5f840a]
V  [jvm.dll+0x741e4a]
V  [jvm.dll+0x7435ff]
V  [jvm.dll+0x743c43]
V  [jvm.dll+0x20d288]
V  [jvm.dll+0xabb07]
V  [jvm.dll+0xac1fc]
V  [jvm.dll+0x31c4c5]
V  [jvm.dll+0x2e6b48]
V  [jvm.dll+0x2e5f4a]
V  [jvm.dll+0x1e5e16]
V  [jvm.dll+0x1e50b8]
V  [jvm.dll+0x1779cc]
V  [jvm.dll+0x1f4105]
V  [jvm.dll+0x1f22eb]
V  [jvm.dll+0x706a9d]
V  [jvm.dll+0x6ff8ba]
V  [jvm.dll+0x5f72c6]
C  [ucrtbase.dll+0x214c2]
C  [KERNEL32.DLL+0x17034]
C  [ntdll.dll+0x4cec1]


---------------  P R O C E S S  ---------------

Threads class SMR info:
_java_thread_list=0x0000023174ffc340, length=12, elements={
0x00000231583dd800, 0x0000023174d59000, 0x0000023174d5c000, 0x0000023174d77800,
0x0000023174d78800, 0x0000023174d7d800, 0x0000023174d7b000, 0x0000023174d89800,
0x0000023174d98800, 0x0000023174fa3800, 0x0000023175038800, 0x0000023175039800
}

Java Threads: ( => current thread )
  0x00000231583dd800 JavaThread "main" [_thread_blocked, id=16508, stack(0x000000c01d700000,0x000000c01d800000)]
  0x0000023174d59000 JavaThread "Reference Handler" daemon [_thread_blocked, id=10756, stack(0x000000c01de00000,0x000000c01df00000)]
  0x0000023174d5c000 JavaThread "Finalizer" daemon [_thread_blocked, id=8416, stack(0x000000c01df00000,0x000000c01e000000)]
  0x0000023174d77800 JavaThread "Signal Dispatcher" daemon [_thread_blocked, id=16760, stack(0x000000c01e000000,0x000000c01e100000)]
  0x0000023174d78800 JavaThread "Attach Listener" daemon [_thread_blocked, id=11376, stack(0x000000c01e100000,0x000000c01e200000)]
  0x0000023174d7d800 JavaThread "Service Thread" daemon [_thread_blocked, id=3548, stack(0x000000c01e200000,0x000000c01e300000)]
=>0x0000023174d7b000 JavaThread "C2 CompilerThread0" daemon [_thread_in_native, id=2212, stack(0x000000c01e300000,0x000000c01e400000)]
  0x0000023174d89800 JavaThread "C1 CompilerThread0" daemon [_thread_blocked, id=3828, stack(0x000000c01e400000,0x000000c01e500000)]
  0x0000023174d98800 JavaThread "Sweeper thread" daemon [_thread_blocked, id=16540, stack(0x000000c01e500000,0x000000c01e600000)]
  0x0000023174fa3800 JavaThread "Common-Cleaner" daemon [_thread_blocked, id=2900, stack(0x000000c01e600000,0x000000c01e700000)]
  0x0000023175038800 JavaThread "Monitor Ctrl-Break" daemon [_thread_in_native, id=2956, stack(0x000000c01e700000,0x000000c01e800000)]
  0x0000023175039800 JavaThread "Notification Thread" daemon [_thread_blocked, id=16496, stack(0x000000c01e800000,0x000000c01e900000)]

Other Threads:
  0x0000023174d58000 VMThread "VM Thread" [stack: 0x000000c01dd00000,0x000000c01de00000] [id=2544]
  0x000002317503f800 WatcherThread [stack: 0x000000c01e900000,0x000000c01ea00000] [id=17008]
  0x000002315840f000 GCTaskThread "GC Thread#0" [stack: 0x000000c01d800000,0x000000c01d900000] [id=16340]
  0x0000023175580000 GCTaskThread "GC Thread#1" [stack: 0x000000c01ea00000,0x000000c01eb00000] [id=8252]
  0x0000023158419800 ConcurrentGCThread "G1 Main Marker" [stack: 0x000000c01d900000,0x000000c01da00000] [id=4900]
  0x000002315841b000 ConcurrentGCThread "G1 Conc#0" [stack: 0x000000c01da00000,0x000000c01db00000] [id=3376]
  0x0000023158471000 ConcurrentGCThread "G1 Refine#0" [stack: 0x000000c01db00000,0x000000c01dc00000] [id=3144]
  0x0000023177ba8800 ConcurrentGCThread "G1 Refine#1" [stack: 0x000000c01eb00000,0x000000c01ec00000] [id=16116]
  0x0000023158472000 ConcurrentGCThread "G1 Young RemSet Sampling" [stack: 0x000000c01dc00000,0x000000c01dd00000] [id=2240]

Threads with active compile tasks:
C2 CompilerThread0    16221 6576   !   4       lombok.core.AST::buildWithField0 (122 bytes)

VM state:at safepoint (normal execution)

VM Mutex/Monitor currently owned by a thread:  ([mutex/lock_event])
[0x00000231583d9220] Threads_lock - owner thread: 0x0000000000000000

Heap address: 0x00000000c1600000, size: 1002 MB, Compressed Oops mode: 32-bit
Narrow klass base: 0x0000000800000000, Narrow klass shift: 3
Compressed class space size: 1073741824 Address: 0x0000000800b30000

Heap:
 garbage-first heap   total 119808K, used 49779K [0x00000000c1600000, 0x0000000100000000)
  region size 1024K, 4 young (4096K), 3 survivors (3072K)
 Metaspace       used 30171K, capacity 31269K, committed 31508K, reserved 1077248K
  class space    used 3303K, capacity 3665K, committed 3708K, reserved 1048576K
Heap Regions: E=young(eden), S=young(survivor), O=old, HS=humongous(starts), HC=humongous(continues), CS=collection set, F=free, OA=open archive, CA=closed archive, TAMS=top-at-mark-start (previous, next)
|   0|0x00000000c1600000, 0x00000000c1700000, 0x00000000c1700000|100%| O|  |TAMS 0x00000000c1700000, 0x00000000c1600000| Updating 
|   1|0x00000000c1700000, 0x00000000c1800000, 0x00000000c1800000|100%| O|  |TAMS 0x00000000c1800000, 0x00000000c1700000| Updating 
|   2|0x00000000c1800000, 0x00000000c1900000, 0x00000000c1900000|100%| O|  |TAMS 0x00000000c1900000, 0x00000000c1800000| Updating 
|   3|0x00000000c1900000, 0x00000000c1a00000, 0x00000000c1a00000|100%| O|  |TAMS 0x00000000c1a00000, 0x00000000c1900000| Updating 
|   4|0x00000000c1a00000, 0x00000000c1b00000, 0x00000000c1b00000|100%| O|  |TAMS 0x00000000c1b00000, 0x00000000c1a00000| Updating 
|   5|0x00000000c1b00000, 0x00000000c1c00000, 0x00000000c1c00000|100%| O|  |TAMS 0x00000000c1c00000, 0x00000000c1b00000| Updating 
|   6|0x00000000c1c00000, 0x00000000c1d00000, 0x00000000c1d00000|100%| O|  |TAMS 0x00000000c1d00000, 0x00000000c1c00000| Updating 
|   7|0x00000000c1d00000, 0x00000000c1e00000, 0x00000000c1e00000|100%| O|  |TAMS 0x00000000c1e00000, 0x00000000c1d00000| Updating 
|   8|0x00000000c1e00000, 0x00000000c1f00000, 0x00000000c1f00000|100%| O|  |TAMS 0x00000000c1f00000, 0x00000000c1e00000| Updating 
|   9|0x00000000c1f00000, 0x00000000c2000000, 0x00000000c2000000|100%| O|  |TAMS 0x00000000c2000000, 0x00000000c1f00000| Updating 
|  10|0x00000000c2000000, 0x00000000c2100000, 0x00000000c2100000|100%| O|  |TAMS 0x00000000c2100000, 0x00000000c2000000| Updating 
|  11|0x00000000c2100000, 0x00000000c2200000, 0x00000000c2200000|100%| O|  |TAMS 0x00000000c2200000, 0x00000000c2100000| Updating 
|  12|0x00000000c2200000, 0x00000000c2300000, 0x00000000c2300000|100%| O|  |TAMS 0x00000000c2300000, 0x00000000c2200000| Updating 
|  13|0x00000000c2300000, 0x00000000c2400000, 0x00000000c2400000|100%| O|  |TAMS 0x00000000c2400000, 0x00000000c2300000| Updating 
|  14|0x00000000c2400000, 0x00000000c2500000, 0x00000000c2500000|100%| O|  |TAMS 0x00000000c2500000, 0x00000000c2400000| Updating 
|  15|0x00000000c2500000, 0x00000000c2600000, 0x00000000c2600000|100%| O|  |TAMS 0x00000000c2600000, 0x00000000c2500000| Updating 
|  16|0x00000000c2600000, 0x00000000c2700000, 0x00000000c2700000|100%| O|  |TAMS 0x00000000c2700000, 0x00000000c2600000| Updating 
|  17|0x00000000c2700000, 0x00000000c2800000, 0x00000000c2800000|100%|HS|  |TAMS 0x00000000c2800000, 0x00000000c2700000| Complete 
|  18|0x00000000c2800000, 0x00000000c2900000, 0x00000000c2900000|100%| O|  |TAMS 0x00000000c2900000, 0x00000000c2800000| Updating 
|  19|0x00000000c2900000, 0x00000000c2932800, 0x00000000c2a00000| 19%| O|  |TAMS 0x00000000c2932800, 0x00000000c2900000| Updating 
|  20|0x00000000c2a00000, 0x00000000c2b00000, 0x00000000c2b00000|100%|HS|  |TAMS 0x00000000c2b00000, 0x00000000c2a00000| Complete 
|  21|0x00000000c2b00000, 0x00000000c2c00000, 0x00000000c2c00000|100%| O|  |TAMS 0x00000000c2c00000, 0x00000000c2b00000| Updating 
|  22|0x00000000c2c00000, 0x00000000c2d00000, 0x00000000c2d00000|100%| O|  |TAMS 0x00000000c2d00000, 0x00000000c2c00000| Updating 
|  23|0x00000000c2d00000, 0x00000000c2e00000, 0x00000000c2e00000|100%| O|  |TAMS 0x00000000c2e00000, 0x00000000c2d00000| Updating 
|  24|0x00000000c2e00000, 0x00000000c2f00000, 0x00000000c2f00000|100%| O|  |TAMS 0x00000000c2f00000, 0x00000000c2e00000| Updating 
|  25|0x00000000c2f00000, 0x00000000c3000000, 0x00000000c3000000|100%| O|  |TAMS 0x00000000c3000000, 0x00000000c2f00000| Updating 
|  26|0x00000000c3000000, 0x00000000c3100000, 0x00000000c3100000|100%| O|  |TAMS 0x00000000c3100000, 0x00000000c3000000| Updating 
|  27|0x00000000c3100000, 0x00000000c3200000, 0x00000000c3200000|100%| O|  |TAMS 0x00000000c3200000, 0x00000000c3100000| Updating 
|  28|0x00000000c3200000, 0x00000000c3300000, 0x00000000c3300000|100%|HS|  |TAMS 0x00000000c3300000, 0x00000000c3200000| Complete 
|  29|0x00000000c3300000, 0x00000000c3400000, 0x00000000c3400000|100%| O|  |TAMS 0x00000000c3400000, 0x00000000c3300000| Updating 
|  30|0x00000000c3400000, 0x00000000c3500000, 0x00000000c3500000|100%| O|  |TAMS 0x00000000c3500000, 0x00000000c3400000| Updating 
|  31|0x00000000c3500000, 0x00000000c3600000, 0x00000000c3600000|100%| O|  |TAMS 0x00000000c3600000, 0x00000000c3500000| Updating 
|  32|0x00000000c3600000, 0x00000000c3700000, 0x00000000c3700000|100%| O|  |TAMS 0x00000000c3700000, 0x00000000c3600000| Updating 
|  33|0x00000000c3700000, 0x00000000c3800000, 0x00000000c3800000|100%| O|  |TAMS 0x00000000c3800000, 0x00000000c3700000| Updating 
|  34|0x00000000c3800000, 0x00000000c3900000, 0x00000000c3900000|100%| O|  |TAMS 0x00000000c3900000, 0x00000000c3800000| Updating 
|  35|0x00000000c3900000, 0x00000000c3a00000, 0x00000000c3a00000|100%| O|  |TAMS 0x00000000c3a00000, 0x00000000c3900000| Updating 
|  36|0x00000000c3a00000, 0x00000000c3b00000, 0x00000000c3b00000|100%| O|  |TAMS 0x00000000c3b00000, 0x00000000c3a00000| Updating 
|  37|0x00000000c3b00000, 0x00000000c3c00000, 0x00000000c3c00000|100%| O|  |TAMS 0x00000000c3c00000, 0x00000000c3b00000| Updating 
|  38|0x00000000c3c00000, 0x00000000c3d00000, 0x00000000c3d00000|100%| O|  |TAMS 0x00000000c3d00000, 0x00000000c3c00000| Updating 
|  39|0x00000000c3d00000, 0x00000000c3e00000, 0x00000000c3e00000|100%| O|  |TAMS 0x00000000c3e00000, 0x00000000c3d00000| Updating 
|  40|0x00000000c3e00000, 0x00000000c3f00000, 0x00000000c3f00000|100%| O|  |TAMS 0x00000000c3f00000, 0x00000000c3e00000| Updating 
|  41|0x00000000c3f00000, 0x00000000c4000000, 0x00000000c4000000|100%| O|  |TAMS 0x00000000c4000000, 0x00000000c3f00000| Updating 
|  42|0x00000000c4000000, 0x00000000c4100000, 0x00000000c4100000|100%| O|  |TAMS 0x00000000c4100000, 0x00000000c4000000| Updating 
|  43|0x00000000c4100000, 0x00000000c4200000, 0x00000000c4200000|100%| O|  |TAMS 0x00000000c4200000, 0x00000000c4100000| Updating 
|  44|0x00000000c4200000, 0x00000000c4300000, 0x00000000c4300000|100%| O|  |TAMS 0x00000000c4300000, 0x00000000c4200000| Updating 
|  45|0x00000000c4300000, 0x00000000c430f600, 0x00000000c4400000|  6%| O|  |TAMS 0x00000000c430f600, 0x00000000c4300000| Updating 
|  46|0x00000000c4400000, 0x00000000c4500000, 0x00000000c4500000|100%|HS|  |TAMS 0x00000000c4400000, 0x00000000c4400000| Complete 
|  47|0x00000000c4500000, 0x00000000c4600000, 0x00000000c4600000|100%|HC|  |TAMS 0x00000000c4500000, 0x00000000c4500000| Complete 
|  48|0x00000000c4600000, 0x00000000c4600000, 0x00000000c4700000|  0%| F|  |TAMS 0x00000000c4600000, 0x00000000c4600000| Untracked 
|  49|0x00000000c4700000, 0x00000000c4700000, 0x00000000c4800000|  0%| F|  |TAMS 0x00000000c4700000, 0x00000000c4700000| Untracked 
|  50|0x00000000c4800000, 0x00000000c4800000, 0x00000000c4900000|  0%| F|  |TAMS 0x00000000c4800000, 0x00000000c4800000| Untracked 
|  51|0x00000000c4900000, 0x00000000c4900000, 0x00000000c4a00000|  0%| F|  |TAMS 0x00000000c4900000, 0x00000000c4900000| Untracked 
|  52|0x00000000c4a00000, 0x00000000c4a00000, 0x00000000c4b00000|  0%| F|  |TAMS 0x00000000c4a00000, 0x00000000c4a00000| Untracked 
|  53|0x00000000c4b00000, 0x00000000c4b00000, 0x00000000c4c00000|  0%| F|  |TAMS 0x00000000c4b00000, 0x00000000c4b00000| Untracked 
|  54|0x00000000c4c00000, 0x00000000c4c00000, 0x00000000c4d00000|  0%| F|  |TAMS 0x00000000c4c00000, 0x00000000c4c00000| Untracked 
|  55|0x00000000c4d00000, 0x00000000c4d00000, 0x00000000c4e00000|  0%| F|  |TAMS 0x00000000c4d00000, 0x00000000c4d00000| Untracked 
|  56|0x00000000c4e00000, 0x00000000c4e00000, 0x00000000c4f00000|  0%| F|  |TAMS 0x00000000c4e00000, 0x00000000c4e00000| Untracked 
|  57|0x00000000c4f00000, 0x00000000c4f00000, 0x00000000c5000000|  0%| F|  |TAMS 0x00000000c4f00000, 0x00000000c4f00000| Untracked 
|  58|0x00000000c5000000, 0x00000000c5000000, 0x00000000c5100000|  0%| F|  |TAMS 0x00000000c5000000, 0x00000000c5000000| Untracked 
|  59|0x00000000c5100000, 0x00000000c5100000, 0x00000000c5200000|  0%| F|  |TAMS 0x00000000c5100000, 0x00000000c5100000| Untracked 
|  60|0x00000000c5200000, 0x00000000c5200000, 0x00000000c5300000|  0%| F|  |TAMS 0x00000000c5200000, 0x00000000c5200000| Untracked 
|  61|0x00000000c5300000, 0x00000000c5300000, 0x00000000c5400000|  0%| F|  |TAMS 0x00000000c5300000, 0x00000000c5300000| Untracked 
|  62|0x00000000c5400000, 0x00000000c5400000, 0x00000000c5500000|  0%| F|  |TAMS 0x00000000c5400000, 0x00000000c5400000| Untracked 
|  63|0x00000000c5500000, 0x00000000c5500000, 0x00000000c5600000|  0%| F|  |TAMS 0x00000000c5500000, 0x00000000c5500000| Untracked 
|  64|0x00000000c5600000, 0x00000000c5600000, 0x00000000c5700000|  0%| F|  |TAMS 0x00000000c5600000, 0x00000000c5600000| Untracked 
|  65|0x00000000c5700000, 0x00000000c575b090, 0x00000000c5800000| 35%| S|CS|TAMS 0x00000000c5700000, 0x00000000c5700000| Complete 
|  66|0x00000000c5800000, 0x00000000c5900000, 0x00000000c5900000|100%| S|CS|TAMS 0x00000000c5800000, 0x00000000c5800000| Complete 
|  67|0x00000000c5900000, 0x00000000c5a00000, 0x00000000c5a00000|100%| S|CS|TAMS 0x00000000c5900000, 0x00000000c5900000| Complete 
|  68|0x00000000c5a00000, 0x00000000c5a00000, 0x00000000c5b00000|  0%| F|  |TAMS 0x00000000c5a00000, 0x00000000c5a00000| Untracked 
|  69|0x00000000c5b00000, 0x00000000c5b00000, 0x00000000c5c00000|  0%| F|  |TAMS 0x00000000c5b00000, 0x00000000c5b00000| Untracked 
|  70|0x00000000c5c00000, 0x00000000c5c00000, 0x00000000c5d00000|  0%| F|  |TAMS 0x00000000c5c00000, 0x00000000c5c00000| Untracked 
|  71|0x00000000c5d00000, 0x00000000c5d00000, 0x00000000c5e00000|  0%| F|  |TAMS 0x00000000c5d00000, 0x00000000c5d00000| Untracked 
|  72|0x00000000c5e00000, 0x00000000c5e00000, 0x00000000c5f00000|  0%| F|  |TAMS 0x00000000c5e00000, 0x00000000c5e00000| Untracked 
|  73|0x00000000c5f00000, 0x00000000c5f00000, 0x00000000c6000000|  0%| F|  |TAMS 0x00000000c5f00000, 0x00000000c5f00000| Untracked 
|  74|0x00000000c6000000, 0x00000000c6000000, 0x00000000c6100000|  0%| F|  |TAMS 0x00000000c6000000, 0x00000000c6000000| Untracked 
|  75|0x00000000c6100000, 0x00000000c6100000, 0x00000000c6200000|  0%| F|  |TAMS 0x00000000c6100000, 0x00000000c6100000| Untracked 
|  76|0x00000000c6200000, 0x00000000c6200000, 0x00000000c6300000|  0%| F|  |TAMS 0x00000000c6200000, 0x00000000c6200000| Untracked 
|  77|0x00000000c6300000, 0x00000000c6300000, 0x00000000c6400000|  0%| F|  |TAMS 0x00000000c6300000, 0x00000000c6300000| Untracked 
|  78|0x00000000c6400000, 0x00000000c6400000, 0x00000000c6500000|  0%| F|  |TAMS 0x00000000c6400000, 0x00000000c6400000| Untracked 
|  79|0x00000000c6500000, 0x00000000c6500000, 0x00000000c6600000|  0%| F|  |TAMS 0x00000000c6500000, 0x00000000c6500000| Untracked 
|  80|0x00000000c6600000, 0x00000000c6600000, 0x00000000c6700000|  0%| F|  |TAMS 0x00000000c6600000, 0x00000000c6600000| Untracked 
|  81|0x00000000c6700000, 0x00000000c6700000, 0x00000000c6800000|  0%| F|  |TAMS 0x00000000c6700000, 0x00000000c6700000| Untracked 
|  82|0x00000000c6800000, 0x00000000c6800000, 0x00000000c6900000|  0%| F|  |TAMS 0x00000000c6800000, 0x00000000c6800000| Untracked 
|  83|0x00000000c6900000, 0x00000000c6900000, 0x00000000c6a00000|  0%| F|  |TAMS 0x00000000c6900000, 0x00000000c6900000| Untracked 
|  84|0x00000000c6a00000, 0x00000000c6a00000, 0x00000000c6b00000|  0%| F|  |TAMS 0x00000000c6a00000, 0x00000000c6a00000| Untracked 
|  85|0x00000000c6b00000, 0x00000000c6b00000, 0x00000000c6c00000|  0%| F|  |TAMS 0x00000000c6b00000, 0x00000000c6b00000| Untracked 
|  86|0x00000000c6c00000, 0x00000000c6c00000, 0x00000000c6d00000|  0%| F|  |TAMS 0x00000000c6c00000, 0x00000000c6c00000| Untracked 
|  87|0x00000000c6d00000, 0x00000000c6d00000, 0x00000000c6e00000|  0%| F|  |TAMS 0x00000000c6d00000, 0x00000000c6d00000| Untracked 
|  88|0x00000000c6e00000, 0x00000000c6e00000, 0x00000000c6f00000|  0%| F|  |TAMS 0x00000000c6e00000, 0x00000000c6e00000| Untracked 
|  89|0x00000000c6f00000, 0x00000000c6f00000, 0x00000000c7000000|  0%| F|  |TAMS 0x00000000c6f00000, 0x00000000c6f00000| Untracked 
|  90|0x00000000c7000000, 0x00000000c7000000, 0x00000000c7100000|  0%| F|  |TAMS 0x00000000c7000000, 0x00000000c7000000| Untracked 
|  91|0x00000000c7100000, 0x00000000c7100000, 0x00000000c7200000|  0%| F|  |TAMS 0x00000000c7100000, 0x00000000c7100000| Untracked 
|  92|0x00000000c7200000, 0x00000000c7200000, 0x00000000c7300000|  0%| F|  |TAMS 0x00000000c7200000, 0x00000000c7200000| Untracked 
|  93|0x00000000c7300000, 0x00000000c7300000, 0x00000000c7400000|  0%| F|  |TAMS 0x00000000c7300000, 0x00000000c7300000| Untracked 
|  94|0x00000000c7400000, 0x00000000c7400000, 0x00000000c7500000|  0%| F|  |TAMS 0x00000000c7400000, 0x00000000c7400000| Untracked 
|  95|0x00000000c7500000, 0x00000000c7500000, 0x00000000c7600000|  0%| F|  |TAMS 0x00000000c7500000, 0x00000000c7500000| Untracked 
|  96|0x00000000c7600000, 0x00000000c7600000, 0x00000000c7700000|  0%| F|  |TAMS 0x00000000c7600000, 0x00000000c7600000| Untracked 
|  97|0x00000000c7700000, 0x00000000c7700000, 0x00000000c7800000|  0%| F|  |TAMS 0x00000000c7700000, 0x00000000c7700000| Untracked 
|  98|0x00000000c7800000, 0x00000000c7800000, 0x00000000c7900000|  0%| F|  |TAMS 0x00000000c7800000, 0x00000000c7800000| Untracked 
|  99|0x00000000c7900000, 0x00000000c7900000, 0x00000000c7a00000|  0%| F|  |TAMS 0x00000000c7900000, 0x00000000c7900000| Untracked 
| 100|0x00000000c7a00000, 0x00000000c7a00000, 0x00000000c7b00000|  0%| F|  |TAMS 0x00000000c7a00000, 0x00000000c7a00000| Untracked 
| 101|0x00000000c7b00000, 0x00000000c7b00000, 0x00000000c7c00000|  0%| F|  |TAMS 0x00000000c7b00000, 0x00000000c7b00000| Untracked 
| 102|0x00000000c7c00000, 0x00000000c7c00000, 0x00000000c7d00000|  0%| F|  |TAMS 0x00000000c7c00000, 0x00000000c7c00000| Untracked 
| 103|0x00000000c7d00000, 0x00000000c7d00000, 0x00000000c7e00000|  0%| F|  |TAMS 0x00000000c7d00000, 0x00000000c7d00000| Untracked 
| 104|0x00000000c7e00000, 0x00000000c7e00000, 0x00000000c7f00000|  0%| F|  |TAMS 0x00000000c7e00000, 0x00000000c7e00000| Untracked 
| 105|0x00000000c7f00000, 0x00000000c7f00000, 0x00000000c8000000|  0%| F|  |TAMS 0x00000000c7f00000, 0x00000000c7f00000| Untracked 
| 106|0x00000000c8000000, 0x00000000c8000000, 0x00000000c8100000|  0%| F|  |TAMS 0x00000000c8000000, 0x00000000c8000000| Untracked 
| 107|0x00000000c8100000, 0x00000000c8100000, 0x00000000c8200000|  0%| F|  |TAMS 0x00000000c8100000, 0x00000000c8100000| Untracked 
| 108|0x00000000c8200000, 0x00000000c8200000, 0x00000000c8300000|  0%| F|  |TAMS 0x00000000c8200000, 0x00000000c8200000| Untracked 
| 109|0x00000000c8300000, 0x00000000c8300000, 0x00000000c8400000|  0%| F|  |TAMS 0x00000000c8300000, 0x00000000c8300000| Untracked 
| 110|0x00000000c8400000, 0x00000000c8400000, 0x00000000c8500000|  0%| F|  |TAMS 0x00000000c8400000, 0x00000000c8400000| Untracked 
| 111|0x00000000c8500000, 0x00000000c8500000, 0x00000000c8600000|  0%| F|  |TAMS 0x00000000c8500000, 0x00000000c8500000| Untracked 
| 112|0x00000000c8600000, 0x00000000c8600000, 0x00000000c8700000|  0%| F|  |TAMS 0x00000000c8600000, 0x00000000c8600000| Untracked 
| 113|0x00000000c8700000, 0x00000000c8700000, 0x00000000c8800000|  0%| F|  |TAMS 0x00000000c8700000, 0x00000000c8700000| Untracked 
| 114|0x00000000c8800000, 0x00000000c8800000, 0x00000000c8900000|  0%| F|  |TAMS 0x00000000c8800000, 0x00000000c8800000| Untracked 
| 115|0x00000000c8900000, 0x00000000c8980800, 0x00000000c8a00000| 50%| E|  |TAMS 0x00000000c8900000, 0x00000000c8900000| Complete 
| 116|0x00000000c8a00000, 0x00000000c8b00000, 0x00000000c8b00000|100%| E|CS|TAMS 0x00000000c8a00000, 0x00000000c8a00000| Complete 

Card table byte_map: [0x000002316fd90000,0x000002316ff90000] _byte_map_base: 0x000002316f785000

Marking Bits (Prev, Next): (CMBitMap*) 0x0000023158410e88, (CMBitMap*) 0x0000023158410e48
 Prev Bits: [0x0000023171140000, 0x00000231720e8000)
 Next Bits: [0x0000023170190000, 0x0000023171138000)

Polling page: 0x0000023157bc0000

Metaspace:

Usage:
  Non-class:     26.96 MB capacity,    26.24 MB ( 97%) used,   653.34 KB (  2%) free+waste,    77.31 KB ( <1%) overhead. 
      Class:      3.58 MB capacity,     3.23 MB ( 90%) used,   327.01 KB (  9%) free+waste,    34.06 KB ( <1%) overhead. 
       Both:     30.54 MB capacity,    29.47 MB ( 97%) used,   980.34 KB (  3%) free+waste,   111.38 KB ( <1%) overhead. 

Virtual space:
  Non-class space:       28.00 MB reserved,      27.15 MB ( 97%) committed 
      Class space:        1.00 GB reserved,       3.62 MB ( <1%) committed 
             Both:        1.03 GB reserved,      30.77 MB (  3%) committed 

Chunk freelists:
   Non-Class:  4.00 KB
       Class:  15.00 KB
        Both:  19.00 KB

MaxMetaspaceSize: 17179869184.00 GB
CompressedClassSpaceSize: 1.00 GB

CodeHeap 'non-profiled nmethods': size=120000Kb used=3080Kb max_used=3080Kb free=116919Kb
 bounds [0x0000023168660000, 0x0000023168970000, 0x000002316fb90000]
CodeHeap 'profiled nmethods': size=120000Kb used=14278Kb max_used=14278Kb free=105721Kb
 bounds [0x0000023161130000, 0x0000023161f30000, 0x0000023168660000]
CodeHeap 'non-nmethods': size=5760Kb used=1253Kb max_used=1319Kb free=4506Kb
 bounds [0x0000023160b90000, 0x0000023160e00000, 0x0000023161130000]
 total_blobs=9609 nmethods=6521 adapters=440
 compilation: enabled
              stopped_count=0, restarted_count=0
 full_count=0

Compilation events (20 events):
Event: 16.108 Thread 0x0000023174d89800 7340       2       com.sun.tools.javac.code.Symbol::externalType (81 bytes)
Event: 16.110 Thread 0x0000023174d89800 nmethod 7340 0x0000023161efc010 code [0x0000023161efc280, 0x0000023161efcb48]
Event: 16.110 Thread 0x0000023174d89800 7341       2       com.sun.tools.javac.jvm.Gen::visitIdent (302 bytes)
Event: 16.113 Thread 0x0000023174d89800 nmethod 7341 0x0000023161efcf90 code [0x0000023161efd2c0, 0x0000023161efe418]
Event: 16.113 Thread 0x0000023174d89800 7344       2       com.sun.tools.javac.jvm.Code$LocalVar::isLastRangeInitialized (32 bytes)
Event: 16.113 Thread 0x0000023174d89800 nmethod 7344 0x0000023161efec10 code [0x0000023161efedc0, 0x0000023161efef58]
Event: 16.113 Thread 0x0000023174d89800 7345       2       com.sun.tools.javac.code.Symbol::hasTypeAnnotations (23 bytes)
Event: 16.113 Thread 0x0000023174d89800 nmethod 7345 0x0000023161eff090 code [0x0000023161eff240, 0x0000023161eff3a8]
Event: 16.113 Thread 0x0000023174d89800 7342       2       com.sun.tools.javac.jvm.Code::truncate (32 bytes)
Event: 16.113 Thread 0x0000023174d89800 nmethod 7342 0x0000023161278d10 code [0x0000023161278ea0, 0x0000023161278f98]
Event: 16.113 Thread 0x0000023174d89800 7339       2       com.sun.tools.javac.jvm.Items$StackItem::load (2 bytes)
Event: 16.114 Thread 0x0000023174d89800 nmethod 7339 0x0000023161eff490 code [0x0000023161eff620, 0x0000023161eff738]
Event: 16.114 Thread 0x0000023174d89800 7343       2       com.sun.tools.javac.jvm.Code::curCP (33 bytes)
Event: 16.114 Thread 0x0000023174d89800 nmethod 7343 0x0000023161eff810 code [0x0000023161eff9c0, 0x0000023161effb78]
Event: 16.117 Thread 0x0000023174d89800 7346       2       com.sun.tools.javac.jvm.Target::hasVirtualPrivateInvoke (16 bytes)
Event: 16.117 Thread 0x0000023174d89800 nmethod 7346 0x0000023161effc90 code [0x0000023161effe20, 0x0000023161efff68]
Event: 16.120 Thread 0x0000023174d89800 7347       2       com.sun.tools.javac.jvm.PoolWriter::enterInner (86 bytes)
Event: 16.122 Thread 0x0000023174d89800 nmethod 7347 0x0000023161f00010 code [0x0000023161f00280, 0x0000023161f008b8]
Event: 16.122 Thread 0x0000023174d89800 7348       2       com.sun.tools.javac.jvm.PoolWriter::putDescriptor (10 bytes)
Event: 16.123 Thread 0x0000023174d89800 nmethod 7348 0x0000023161f00c90 code [0x0000023161f00ea0, 0x0000023161f01238]

GC Heap History (20 events):
Event: 9.942 GC heap before
{Heap before GC invocations=8 (full 0):
 garbage-first heap   total 78848K, used 60250K [0x00000000c1600000, 0x0000000100000000)
  region size 1024K, 43 young (44032K), 4 survivors (4096K)
 Metaspace       used 18245K, capacity 18864K, committed 18944K, reserved 1067008K
  class space    used 1994K, capacity 2227K, committed 2304K, reserved 1048576K
}
Event: 9.952 GC heap after
{Heap after GC invocations=9 (full 0):
 garbage-first heap   total 78848K, used 20999K [0x00000000c1600000, 0x0000000100000000)
  region size 1024K, 3 young (3072K), 3 survivors (3072K)
 Metaspace       used 18245K, capacity 18864K, committed 18944K, reserved 1067008K
  class space    used 1994K, capacity 2227K, committed 2304K, reserved 1048576K
}
Event: 10.467 GC heap before
{Heap before GC invocations=9 (full 0):
 garbage-first heap   total 78848K, used 28167K [0x00000000c1600000, 0x0000000100000000)
  region size 1024K, 11 young (11264K), 3 survivors (3072K)
 Metaspace       used 20562K, capacity 21190K, committed 21248K, reserved 1069056K
  class space    used 2307K, capacity 2516K, committed 2560K, reserved 1048576K
}
Event: 10.475 GC heap after
{Heap after GC invocations=10 (full 0):
 garbage-first heap   total 78848K, used 21363K [0x00000000c1600000, 0x0000000100000000)
  region size 1024K, 3 young (3072K), 3 survivors (3072K)
 Metaspace       used 20562K, capacity 21190K, committed 21248K, reserved 1069056K
  class space    used 2307K, capacity 2516K, committed 2560K, reserved 1048576K
}
Event: 11.352 GC heap before
{Heap before GC invocations=11 (full 0):
 garbage-first heap   total 78848K, used 63347K [0x00000000c1600000, 0x0000000100000000)
  region size 1024K, 43 young (44032K), 3 survivors (3072K)
 Metaspace       used 24744K, capacity 25557K, committed 25876K, reserved 1073152K
  class space    used 2773K, capacity 3063K, committed 3196K, reserved 1048576K
}
Event: 11.372 GC heap after
{Heap after GC invocations=12 (full 0):
 garbage-first heap   total 78848K, used 30537K [0x00000000c1600000, 0x0000000100000000)
  region size 1024K, 6 young (6144K), 6 survivors (6144K)
 Metaspace       used 24744K, capacity 25557K, committed 25876K, reserved 1073152K
  class space    used 2773K, capacity 3063K, committed 3196K, reserved 1048576K
}
Event: 12.121 GC heap before
{Heap before GC invocations=13 (full 0):
 garbage-first heap   total 78848K, used 61257K [0x00000000c1600000, 0x0000000100000000)
  region size 1024K, 37 young (37888K), 6 survivors (6144K)
 Metaspace       used 24826K, capacity 25697K, committed 25876K, reserved 1073152K
  class space    used 2775K, capacity 3067K, committed 3196K, reserved 1048576K
}
Event: 12.137 GC heap after
{Heap after GC invocations=14 (full 0):
 garbage-first heap   total 95232K, used 37605K [0x00000000c1600000, 0x0000000100000000)
  region size 1024K, 5 young (5120K), 5 survivors (5120K)
 Metaspace       used 24826K, capacity 25697K, committed 25876K, reserved 1073152K
  class space    used 2775K, capacity 3067K, committed 3196K, reserved 1048576K
}
Event: 12.880 GC heap before
{Heap before GC invocations=14 (full 0):
 garbage-first heap   total 95232K, used 72421K [0x00000000c1600000, 0x0000000100000000)
  region size 1024K, 38 young (38912K), 5 survivors (5120K)
 Metaspace       used 25709K, capacity 26595K, committed 26900K, reserved 1073152K
  class space    used 2837K, capacity 3146K, committed 3196K, reserved 1048576K
}
Event: 12.904 GC heap after
{Heap after GC invocations=15 (full 0):
 garbage-first heap   total 95232K, used 44234K [0x00000000c1600000, 0x0000000100000000)
  region size 1024K, 5 young (5120K), 5 survivors (5120K)
 Metaspace       used 25709K, capacity 26595K, committed 26900K, reserved 1073152K
  class space    used 2837K, capacity 3146K, committed 3196K, reserved 1048576K
}
Event: 13.977 GC heap before
{Heap before GC invocations=15 (full 0):
 garbage-first heap   total 95232K, used 72906K [0x00000000c1600000, 0x0000000100000000)
  region size 1024K, 33 young (33792K), 5 survivors (5120K)
 Metaspace       used 27417K, capacity 28300K, committed 28436K, reserved 1075200K
  class space    used 3028K, capacity 3328K, committed 3452K, reserved 1048576K
}
Event: 13.995 GC heap after
{Heap after GC invocations=16 (full 0):
 garbage-first heap   total 95232K, used 45735K [0x00000000c1600000, 0x0000000100000000)
  region size 1024K, 2 young (2048K), 2 survivors (2048K)
 Metaspace       used 27417K, capacity 28300K, committed 28436K, reserved 1075200K
  class space    used 3028K, capacity 3328K, committed 3452K, reserved 1048576K
}
Event: 14.456 GC heap before
{Heap before GC invocations=16 (full 0):
 garbage-first heap   total 95232K, used 74407K [0x00000000c1600000, 0x0000000100000000)
  region size 1024K, 30 young (30720K), 2 survivors (2048K)
 Metaspace       used 28072K, capacity 29021K, committed 29204K, reserved 1075200K
  class space    used 3099K, capacity 3413K, committed 3452K, reserved 1048576K
}
Event: 14.469 GC heap after
{Heap after GC invocations=17 (full 0):
 garbage-first heap   total 95232K, used 46486K [0x00000000c1600000, 0x0000000100000000)
  region size 1024K, 3 young (3072K), 3 survivors (3072K)
 Metaspace       used 28072K, capacity 29021K, committed 29204K, reserved 1075200K
  class space    used 3099K, capacity 3413K, committed 3452K, reserved 1048576K
}
Event: 14.753 GC heap before
{Heap before GC invocations=18 (full 0):
 garbage-first heap   total 99328K, used 75158K [0x00000000c1600000, 0x0000000100000000)
  region size 1024K, 31 young (31744K), 3 survivors (3072K)
 Metaspace       used 28184K, capacity 29105K, committed 29204K, reserved 1075200K
  class space    used 3105K, capacity 3419K, committed 3452K, reserved 1048576K
}
Event: 14.764 GC heap after
{Heap after GC invocations=19 (full 0):
 garbage-first heap   total 99328K, used 47070K [0x00000000c1600000, 0x0000000100000000)
  region size 1024K, 3 young (3072K), 3 survivors (3072K)
 Metaspace       used 28184K, capacity 29105K, committed 29204K, reserved 1075200K
  class space    used 3105K, capacity 3419K, committed 3452K, reserved 1048576K
}
Event: 15.156 GC heap before
{Heap before GC invocations=19 (full 0):
 garbage-first heap   total 99328K, used 79838K [0x00000000c1600000, 0x0000000100000000)
  region size 1024K, 35 young (35840K), 3 survivors (3072K)
 Metaspace       used 28475K, capacity 29392K, committed 29460K, reserved 1075200K
  class space    used 3109K, capacity 3425K, committed 3452K, reserved 1048576K
}
Event: 15.168 GC heap after
{Heap after GC invocations=20 (full 0):
 garbage-first heap   total 99328K, used 47086K [0x00000000c1600000, 0x0000000100000000)
  region size 1024K, 2 young (2048K), 2 survivors (2048K)
 Metaspace       used 28475K, capacity 29392K, committed 29460K, reserved 1075200K
  class space    used 3109K, capacity 3425K, committed 3452K, reserved 1048576K
}
Event: 16.041 GC heap before
{Heap before GC invocations=21 (full 0):
 garbage-first heap   total 99328K, used 75758K [0x00000000c1600000, 0x0000000100000000)
  region size 1024K, 31 young (31744K), 2 survivors (2048K)
 Metaspace       used 30049K, capacity 31070K, committed 31252K, reserved 1077248K
  class space    used 3303K, capacity 3665K, committed 3708K, reserved 1048576K
}
Event: 16.056 GC heap after
{Heap after GC invocations=22 (full 0):
 garbage-first heap   total 119808K, used 47731K [0x00000000c1600000, 0x0000000100000000)
  region size 1024K, 3 young (3072K), 3 survivors (3072K)
 Metaspace       used 30049K, capacity 31070K, committed 31252K, reserved 1077248K
  class space    used 3303K, capacity 3665K, committed 3708K, reserved 1048576K
}

Deoptimization events (20 events):
Event: 15.843 Thread 0x00000231583dd800 DEOPT PACKING pc=0x00000231616f25e4 sp=0x000000c01d7fc270
Event: 15.843 Thread 0x00000231583dd800 DEOPT UNPACKING pc=0x0000023160bd964e sp=0x000000c01d7fb808 mode 0
Event: 15.862 Thread 0x00000231583dd800 DEOPT PACKING pc=0x00000231619d4b08 sp=0x000000c01d7fd270
Event: 15.862 Thread 0x00000231583dd800 DEOPT UNPACKING pc=0x0000023160bd964e sp=0x000000c01d7fc6c8 mode 0
Event: 15.912 Thread 0x00000231583dd800 DEOPT PACKING pc=0x000002316162ad10 sp=0x000000c01d7faad0
Event: 15.912 Thread 0x00000231583dd800 DEOPT UNPACKING pc=0x0000023160bd964e sp=0x000000c01d7f9f98 mode 0
Event: 15.922 Thread 0x00000231583dd800 DEOPT PACKING pc=0x0000023161d2170c sp=0x000000c01d7f94a0
Event: 15.922 Thread 0x00000231583dd800 DEOPT UNPACKING pc=0x0000023160bd964e sp=0x000000c01d7f8958 mode 0
Event: 16.025 Thread 0x00000231583dd800 Uncommon trap: trap_request=0xffffff45 fr.pc=0x000002316884a448 relative=0x0000000000000168
Event: 16.025 Thread 0x00000231583dd800 Uncommon trap: reason=unstable_if action=reinterpret pc=0x000002316884a448 method=java.util.WeakHashMap.eq(Ljava/lang/Object;Ljava/lang/Object;)Z @ 10 c2
Event: 16.025 Thread 0x00000231583dd800 DEOPT PACKING pc=0x000002316884a448 sp=0x000000c01d7fb9e0
Event: 16.025 Thread 0x00000231583dd800 DEOPT UNPACKING pc=0x0000023160bd912f sp=0x000000c01d7fb910 mode 2
Event: 16.041 Thread 0x00000231583dd800 Uncommon trap: trap_request=0xffffff45 fr.pc=0x000002316877aefc relative=0x0000000000000b1c
Event: 16.041 Thread 0x00000231583dd800 Uncommon trap: reason=unstable_if action=reinterpret pc=0x000002316877aefc method=com.sun.tools.javac.util.ArrayUtils.ensureCapacity([BI)[B @ 3 c2
Event: 16.041 Thread 0x00000231583dd800 DEOPT PACKING pc=0x000002316877aefc sp=0x000000c01d7f9cf0
Event: 16.041 Thread 0x00000231583dd800 DEOPT UNPACKING pc=0x0000023160bd912f sp=0x000000c01d7f9c18 mode 2
Event: 16.070 Thread 0x00000231583dd800 Uncommon trap: trap_request=0xffffffde fr.pc=0x000002316894ed30 relative=0x00000000000001f0
Event: 16.070 Thread 0x00000231583dd800 Uncommon trap: reason=class_check action=maybe_recompile pc=0x000002316894ed30 method=com.sun.tools.javac.code.Scope$ScopeListenerList.walkReferences(Lcom/sun/tools/javac/code/Symbol;Lcom/sun/tools/javac/code/Scope;Z)V @ 20 c2
Event: 16.070 Thread 0x00000231583dd800 DEOPT PACKING pc=0x000002316894ed30 sp=0x000000c01d7fd4a0
Event: 16.070 Thread 0x00000231583dd800 DEOPT UNPACKING pc=0x0000023160bd912f sp=0x000000c01d7fd440 mode 2

Classes unloaded (0 events):
No events

Classes redefined (0 events):
No events

Internal exceptions (20 events):
Event: 15.655 Thread 0x00000231583dd800 Exception <a 'java/lang/NoSuchMethodError'{0x00000000c6170c48}: 'int java.lang.invoke.DirectMethodHandle$Holder.invokeVirtual(java.lang.Object, java.lang.Object, java.lang.Object, java.lang.Object)'> (0x00000000c6170c48) 
thrown [./open/src/hotspot/share/interpreter/linkResolver.cpp, line 766]
Event: 15.657 Thread 0x00000231583dd800 Exception <a 'java/lang/NoSuchMethodError'{0x00000000c617af68}: 'java.lang.Object java.lang.invoke.DirectMethodHandle$Holder.invokeStatic(java.lang.Object, java.lang.Object, int, java.lang.Object)'> (0x00000000c617af68) 
thrown [./open/src/hotspot/share/interpreter/linkResolver.cpp, line 766]
Event: 15.658 Thread 0x00000231583dd800 Exception <a 'java/lang/NoSuchMethodError'{0x00000000c61814a8}: 'java.lang.Object java.lang.invoke.Invokers$Holder.linkToTargetMethod(java.lang.Object, int, java.lang.Object, java.lang.Object)'> (0x00000000c61814a8) 
thrown [./open/src/hotspot/share/interpreter/linkResolver.cpp, line 766]
Event: 15.710 Thread 0x00000231583dd800 Exception <a 'java/lang/NoSuchMethodError'{0x00000000c602ce20}: 'void java.lang.invoke.DirectMethodHandle$Holder.invokeVirtual(java.lang.Object, java.lang.Object)'> (0x00000000c602ce20) 
thrown [./open/src/hotspot/share/interpreter/linkResolver.cpp, line 766]
Event: 15.775 Thread 0x00000231583dd800 Exception <a 'sun/nio/fs/WindowsException'{0x00000000c5f51d68}> (0x00000000c5f51d68) 
thrown [./open/src/hotspot/share/prims/jni.cpp, line 599]
Event: 15.775 Thread 0x00000231583dd800 Exception <a 'sun/nio/fs/WindowsException'{0x00000000c5f52418}> (0x00000000c5f52418) 
thrown [./open/src/hotspot/share/prims/jni.cpp, line 599]
Event: 15.775 Thread 0x00000231583dd800 Exception <a 'sun/nio/fs/WindowsException'{0x00000000c5f52c58}> (0x00000000c5f52c58) 
thrown [./open/src/hotspot/share/prims/jni.cpp, line 599]
Event: 15.776 Thread 0x00000231583dd800 Exception <a 'sun/nio/fs/WindowsException'{0x00000000c5f533b8}> (0x00000000c5f533b8) 
thrown [./open/src/hotspot/share/prims/jni.cpp, line 599]
Event: 15.827 Thread 0x00000231583dd800 Exception <a 'sun/nio/fs/WindowsException'{0x00000000c5e18a20}> (0x00000000c5e18a20) 
thrown [./open/src/hotspot/share/prims/jni.cpp, line 599]
Event: 15.827 Thread 0x00000231583dd800 Exception <a 'sun/nio/fs/WindowsException'{0x00000000c5e190d0}> (0x00000000c5e190d0) 
thrown [./open/src/hotspot/share/prims/jni.cpp, line 599]
Event: 15.828 Thread 0x00000231583dd800 Exception <a 'sun/nio/fs/WindowsException'{0x00000000c5e19910}> (0x00000000c5e19910) 
thrown [./open/src/hotspot/share/prims/jni.cpp, line 599]
Event: 15.873 Thread 0x00000231583dd800 Exception <a 'sun/nio/fs/WindowsException'{0x00000000c5ea6210}> (0x00000000c5ea6210) 
thrown [./open/src/hotspot/share/prims/jni.cpp, line 599]
Event: 15.873 Thread 0x00000231583dd800 Exception <a 'sun/nio/fs/WindowsException'{0x00000000c5ea68d8}> (0x00000000c5ea68d8) 
thrown [./open/src/hotspot/share/prims/jni.cpp, line 599]
Event: 15.873 Thread 0x00000231583dd800 Exception <a 'sun/nio/fs/WindowsException'{0x00000000c5ea71c0}> (0x00000000c5ea71c0) 
thrown [./open/src/hotspot/share/prims/jni.cpp, line 599]
Event: 15.952 Thread 0x00000231583dd800 Exception <a 'java/lang/NoSuchMethodError'{0x00000000c5b49258}: 'java.lang.Object java.lang.invoke.DirectMethodHandle$Holder.invokeSpecial(java.lang.Object, java.lang.Object, java.lang.Object, java.lang.Object, java.lang.Object, java.lang.Object, java.lang.Object, java.lang.Object, java.lang.Object)'> (0x00000000c5b49258) 
thrown [./open/src/hotspot/share/interpreter/linkResolver.cpp, line 766]
Event: 15.952 Thread 0x00000231583dd800 Exception <a 'java/lang/NoSuchMethodError'{0x00000000c5b4d070}: 'java.lang.Object java.lang.invoke.Invokers$Holder.linkToTargetMethod(java.lang.Object, java.lang.Object, java.lang.Object, java.lang.Object, java.lang.Object, java.lang.Object, java.lang.Object, java.lang.Object)'> (0x00000000c5b4d070) 
thrown [./open/src/hotspot/share/interpreter/linkResolver.cpp, line 766]
Event: 15.960 Thread 0x00000231583dd800 Exception <a 'java/lang/NoSuchMethodError'{0x00000000c5b75a10}: 'java.lang.Object java.lang.invoke.Invokers$Holder.linkToTargetMethod(java.lang.Object, java.lang.Object, java.lang.Object, java.lang.Object, java.lang.Object, java.lang.Object, java.lang.Object)'> (0x00000000c5b75a10) 
thrown [./open/src/hotspot/share/interpreter/linkResolver.cpp, line 766]
Event: 16.118 Thread 0x00000231583dd800 Exception <a 'sun/nio/fs/WindowsException'{0x00000000c8a32b68}> (0x00000000c8a32b68) 
thrown [./open/src/hotspot/share/prims/jni.cpp, line 599]
Event: 16.118 Thread 0x00000231583dd800 Exception <a 'sun/nio/fs/WindowsException'{0x00000000c8a33220}> (0x00000000c8a33220) 
thrown [./open/src/hotspot/share/prims/jni.cpp, line 599]
Event: 16.119 Thread 0x00000231583dd800 Exception <a 'sun/nio/fs/WindowsException'{0x00000000c8a33ab0}> (0x00000000c8a33ab0) 
thrown [./open/src/hotspot/share/prims/jni.cpp, line 599]

Events (20 events):
Event: 15.710 Executing VM operation: HandshakeOneThread
Event: 15.711 Executing VM operation: HandshakeOneThread done
Event: 15.714 Executing VM operation: ICBufferFull
Event: 15.714 Executing VM operation: ICBufferFull done
Event: 15.745 loading class java/util/function/ToIntBiFunction
Event: 15.746 loading class java/util/function/ToIntBiFunction done
Event: 15.830 loading class java/io/DataOutputStream
Event: 15.830 loading class java/io/DataOutputStream done
Event: 15.843 Executing VM operation: HandshakeAllThreads
Event: 15.843 Executing VM operation: HandshakeAllThreads done
Event: 15.855 Executing VM operation: HandshakeAllThreads
Event: 15.855 Executing VM operation: HandshakeAllThreads done
Event: 15.909 Executing VM operation: ICBufferFull
Event: 15.909 Executing VM operation: ICBufferFull done
Event: 15.971 loading class java/util/stream/ReduceOps$2
Event: 15.972 loading class java/util/stream/ReduceOps$2 done
Event: 15.972 loading class java/util/stream/ReduceOps$2ReducingSink
Event: 15.972 loading class java/util/stream/ReduceOps$2ReducingSink done
Event: 16.041 Executing VM operation: G1TryInitiateConcMark
Event: 16.056 Executing VM operation: G1TryInitiateConcMark done


Dynamic libraries:
0x00007ff667de0000 - 0x00007ff667def000 	C:\Program Files\Java\jdk-14.0.1\bin\java.exe
0x00007ff912a50000 - 0x00007ff912c46000 	C:\Windows\SYSTEM32\ntdll.dll
0x00007ff911820000 - 0x00007ff9118dd000 	C:\Windows\System32\KERNEL32.DLL
0x00007ff910320000 - 0x00007ff9105e8000 	C:\Windows\System32\KERNELBASE.dll
0x00007ff910880000 - 0x00007ff910980000 	C:\Windows\System32\ucrtbase.dll
0x00007ff8ee830000 - 0x00007ff8ee848000 	C:\Program Files\Java\jdk-14.0.1\bin\jli.dll
0x00007ff8edc20000 - 0x00007ff8edc35000 	C:\Program Files\Java\jdk-14.0.1\bin\VCRUNTIME140.dll
0x00007ff912960000 - 0x00007ff912a0c000 	C:\Windows\System32\ADVAPI32.dll
0x00007ff911780000 - 0x00007ff91181e000 	C:\Windows\System32\msvcrt.dll
0x00007ff910df0000 - 0x00007ff910e8b000 	C:\Windows\System32\sechost.dll
0x00007ff912190000 - 0x00007ff9122b4000 	C:\Windows\System32\RPCRT4.dll
0x00007ff9126f0000 - 0x00007ff912890000 	C:\Windows\System32\USER32.dll
0x00007ff910690000 - 0x00007ff9106b2000 	C:\Windows\System32\win32u.dll
0x00007ff911750000 - 0x00007ff91177a000 	C:\Windows\System32\GDI32.dll
0x00007ff910770000 - 0x00007ff910879000 	C:\Windows\System32\gdi32full.dll
0x00007ff8fe960000 - 0x00007ff8febfb000 	C:\Windows\WinSxS\amd64_microsoft.windows.common-controls_6595b64144ccf1df_6.0.19041.488_none_ca04af081b815d21\COMCTL32.dll
0x00007ff9105f0000 - 0x00007ff91068d000 	C:\Windows\System32\msvcp_win.dll
0x00007ff9053f0000 - 0x00007ff9053fa000 	C:\Windows\SYSTEM32\VERSION.dll
0x00007ff912380000 - 0x00007ff9123b0000 	C:\Windows\System32\IMM32.DLL
0x00007ff8da880000 - 0x00007ff8da91b000 	C:\Program Files\Java\jdk-14.0.1\bin\msvcp140.dll
0x00007ff8ada40000 - 0x00007ff8ae55e000 	C:\Program Files\Java\jdk-14.0.1\bin\server\jvm.dll
0x00007ff912370000 - 0x00007ff912378000 	C:\Windows\System32\PSAPI.DLL
0x00007ff90d540000 - 0x00007ff90d549000 	C:\Windows\SYSTEM32\WSOCK32.dll
0x00007ff910ac0000 - 0x00007ff910b2b000 	C:\Windows\System32\WS2_32.dll
0x00007ff905400000 - 0x00007ff905427000 	C:\Windows\SYSTEM32\WINMM.dll
0x00007ff90e0e0000 - 0x00007ff90e0f2000 	C:\Windows\SYSTEM32\kernel.appcore.dll
0x00007ff8fe7a0000 - 0x00007ff8fe7aa000 	C:\Program Files\Java\jdk-14.0.1\bin\jimage.dll
0x00007ff909d30000 - 0x00007ff909f14000 	C:\Windows\SYSTEM32\DBGHELP.DLL
0x00007ff909910000 - 0x00007ff90993c000 	C:\Windows\SYSTEM32\dbgcore.DLL
0x00007ff9109d0000 - 0x00007ff910a4f000 	C:\Windows\System32\bcryptPrimitives.dll
0x00007ff90af50000 - 0x00007ff90af5e000 	C:\Program Files\Java\jdk-14.0.1\bin\instrument.dll
0x00007ff8e6da0000 - 0x00007ff8e6dc5000 	C:\Program Files\Java\jdk-14.0.1\bin\java.dll
0x00007ff8e7190000 - 0x00007ff8e71a6000 	C:\Program Files\Java\jdk-14.0.1\bin\zip.dll
0x00007ff910f70000 - 0x00007ff9116b1000 	C:\Windows\System32\SHELL32.dll
0x00007ff90e2e0000 - 0x00007ff90ea75000 	C:\Windows\SYSTEM32\windows.storage.dll
0x00007ff911910000 - 0x00007ff911c65000 	C:\Windows\System32\combase.dll
0x00007ff90fc00000 - 0x00007ff90fc2c000 	C:\Windows\SYSTEM32\Wldp.dll
0x00007ff9120e0000 - 0x00007ff91218e000 	C:\Windows\System32\SHCORE.dll
0x00007ff910d30000 - 0x00007ff910d85000 	C:\Windows\System32\shlwapi.dll
0x00007ff9100c0000 - 0x00007ff9100e6000 	C:\Windows\SYSTEM32\profapi.dll
0x00007ff8e6d80000 - 0x00007ff8e6d99000 	C:\Program Files\Java\jdk-14.0.1\bin\net.dll
0x00007ff90ae30000 - 0x00007ff90af30000 	C:\Windows\SYSTEM32\WINHTTP.dll
0x00007ff90f980000 - 0x00007ff90f9ea000 	C:\Windows\system32\mswsock.dll
0x00007ff8e6d60000 - 0x00007ff8e6d72000 	C:\Program Files\Java\jdk-14.0.1\bin\nio.dll
0x00007ff908e70000 - 0x00007ff908e8a000 	C:\Program Files\JetBrains\IntelliJ IDEA 2020.2\bin\breakgen64.dll
0x00007ff8f45f0000 - 0x00007ff8f4600000 	C:\Program Files\Java\jdk-14.0.1\bin\verify.dll
0x00007ff90fb50000 - 0x00007ff90fb68000 	C:\Windows\SYSTEM32\CRYPTSP.dll
0x00007ff90f2a0000 - 0x00007ff90f2d4000 	C:\Windows\system32\rsaenh.dll
0x00007ff910190000 - 0x00007ff9101b7000 	C:\Windows\System32\bcrypt.dll
0x00007ff910080000 - 0x00007ff9100ae000 	C:\Windows\SYSTEM32\USERENV.dll
0x00007ff90fb70000 - 0x00007ff90fb7c000 	C:\Windows\SYSTEM32\CRYPTBASE.dll
0x00007ff90f620000 - 0x00007ff90f65b000 	C:\Windows\SYSTEM32\IPHLPAPI.DLL
0x00007ff910ab0000 - 0x00007ff910ab8000 	C:\Windows\System32\NSI.dll
0x00007ff90a6a0000 - 0x00007ff90a6b7000 	C:\Windows\SYSTEM32\dhcpcsvc6.DLL
0x00007ff90a560000 - 0x00007ff90a57d000 	C:\Windows\SYSTEM32\dhcpcsvc.DLL
0x00007ff90f670000 - 0x00007ff90f73b000 	C:\Windows\SYSTEM32\DNSAPI.dll
0x00007ff90a250000 - 0x00007ff90a25a000 	C:\Users\Admin\AppData\Local\Temp\jansi-1.17.1-17639558635798477324.dll
0x00007ff90a240000 - 0x00007ff90a24a000 	C:\Users\Admin\AppData\Local\Temp\jansi-1.17.1-3911359411542307348.dll

dbghelp: loaded successfully - version: 4.0.5 - missing functions: none
symbol engine: initialized successfully - sym options: 0x614 - pdb path: .;C:\Program Files\Java\jdk-14.0.1\bin;C:\Windows\SYSTEM32;C:\Windows\WinSxS\amd64_microsoft.windows.common-controls_6595b64144ccf1df_6.0.19041.488_none_ca04af081b815d21;C:\Program Files\Java\jdk-14.0.1\bin\server;C:\Program Files\JetBrains\IntelliJ IDEA 2020.2\bin;C:\Users\Admin\AppData\Local\Temp

VM Arguments:
jvm_args: -Dmaven.multiModuleProjectDirectory=D:\GitHub\SpringBoot-Angular7-Online-Shopping-Store\backend -Dmaven.home=C:\Program Files\JetBrains\IntelliJ IDEA 2020.2\plugins\maven\lib\maven3 -Dclassworlds.conf=C:\Program Files\JetBrains\IntelliJ IDEA 2020.2\plugins\maven\lib\maven3\bin\m2.conf -Dmaven.ext.class.path=C:\Program Files\JetBrains\IntelliJ IDEA 2020.2\plugins\maven\lib\maven-event-listener.jar -javaagent:C:\Program Files\JetBrains\IntelliJ IDEA 2020.2\lib\idea_rt.jar=53714:C:\Program Files\JetBrains\IntelliJ IDEA 2020.2\bin -Dfile.encoding=UTF-8 
java_command: org.codehaus.classworlds.Launcher -Didea.version=2020.2 -DskipTests=true clean install
java_class_path (initial): C:\Program Files\JetBrains\IntelliJ IDEA 2020.2\plugins\maven\lib\maven3\boot\plexus-classworlds-2.6.0.jar;C:\Program Files\JetBrains\IntelliJ IDEA 2020.2\plugins\maven\lib\maven3\boot\plexus-classworlds.license
Launcher Type: SUN_STANDARD

[Global flags]
     intx CICompilerCount                          = 3                                         {product} {ergonomic}
     uint ConcGCThreads                            = 1                                         {product} {ergonomic}
     uint G1ConcRefinementThreads                  = 4                                         {product} {ergonomic}
   size_t G1HeapRegionSize                         = 1048576                                   {product} {ergonomic}
    uintx GCDrainStackTargetSize                   = 64                                        {product} {ergonomic}
   size_t InitialHeapSize                          = 67108864                                  {product} {ergonomic}
   size_t MarkStackSize                            = 4194304                                   {product} {ergonomic}
   size_t MaxHeapSize                              = 1050673152                                {product} {ergonomic}
   size_t MaxNewSize                               = 630194176                                 {product} {ergonomic}
   size_t MinHeapDeltaBytes                        = 1048576                                   {product} {ergonomic}
   size_t MinHeapSize                              = 8388608                                   {product} {ergonomic}
    uintx NonNMethodCodeHeapSize                   = 5832780                                {pd product} {ergonomic}
    uintx NonProfiledCodeHeapSize                  = 122912730                              {pd product} {ergonomic}
    uintx ProfiledCodeHeapSize                     = 122912730                              {pd product} {ergonomic}
    uintx ReservedCodeCacheSize                    = 251658240                              {pd product} {ergonomic}
     bool SegmentedCodeCache                       = true                                      {product} {ergonomic}
   size_t SoftMaxHeapSize                          = 1050673152                             {manageable} {ergonomic}
     bool UseCompressedClassPointers               = true                                 {lp64_product} {ergonomic}
     bool UseCompressedOops                        = true                                 {lp64_product} {ergonomic}
     bool UseG1GC                                  = true                                      {product} {ergonomic}
     bool UseLargePagesIndividualAllocation        = false                                  {pd product} {ergonomic}

Logging:
Log output configuration:
 #0: stdout all=warning uptime,level,tags
 #1: stderr all=off uptime,level,tags

Environment Variables:
JAVA_HOME=C:\Program Files\Java\jdk-14.0.1
JRE_HOME=C:\Program Files (x86)\Java\jre1.8.0_261
PATH=C:\Program Files (x86)\VMware\VMware Workstation\bin\;C:\Program Files (x86)\Common Files\Oracle\Java\javapath;C:\Windows\system32;C:\Windows;C:\Windows\System32\Wbem;C:\Windows\System32\WindowsPowerShell\v1.0\;C:\Windows\System32\OpenSSH\;C:\Program Files (x86)\ATI Technologies\ATI.ACE\Core-Static;C:\Program Files\Microsoft SQL Server\Client SDK\ODBC\170\Tools\Binn\;C:\Program Files (x86)\Microsoft SQL Server\150\Tools\Binn\;C:\Program Files\Microsoft SQL Server\150\Tools\Binn\;C:\Program Files\Microsoft SQL Server\150\DTS\Binn\;C:\Program Files (x86)\Microsoft SQL Server\150\DTS\Binn\;C:\Program Files\Git\cmd;C:\Program Files\nodejs\;"%CLASSPATH%;C:\JUnit\junit-4.10;.;";C:\Program Files\MySQL\MySQL Server 8.0\bin;C:\Program Files\PostgreSQL\12\bin;C:\Program Files\Java\jdk-14.0.1\bin;C:\Program Files (x86)\Java\apache-maven-3.6.3\bin;C:\Program Files (x86)\Yarn\bin\;C:\Program Files\MySQL\MySQL Shell 8.0\bin\;C:\Users\Admin\AppData\Local\Programs\Python\Python37\Scripts\;C:\Users\Admin\AppData\Local\Programs\Python\Python37\;C:\Users\Admin\AppData\Local\Microsoft\WindowsApps;C:\Users\Admin\AppData\Local\Programs\Microsoft VS Code\bin;C:\Users\Admin\AppData\Local\GitHubDesktop\bin;C:\Users\Admin\AppData\Roaming\npm;C:\Program Files\JetBrains\IntelliJ IDEA 2020.2\bin;;C:\Program Files\Java\jdk-14.0.1\bin;C:\Users\Admin\AppData\Local\Yarn\bin
USERNAME=Admin
OS=Windows_NT
PROCESSOR_IDENTIFIER=Intel64 Family 6 Model 42 Stepping 7, GenuineIntel



---------------  S Y S T E M  ---------------

OS: Windows 10 , 64 bit Build 19041 (10.0.19041.546)
OS uptime: 3 days 6:57 hours

CPU:total 4 (initial active 4) (2 cores per cpu, 2 threads per core) family 6 model 42 stepping 7, cmov, cx8, fxsr, mmx, sse, sse2, sse3, ssse3, sse4.1, sse4.2, popcnt, avx, aes, clmul, ht, tsc, tscinvbit

Memory: 4k page, system-wide physical 4003M (214M free)
TotalPageFile size 16291M (AvailPageFile size 6M)
current process WorkingSet (physical memory assigned to process): 211M, peak: 215M
current process commit charge ("private bytes"): 281M, peak: 283M

vm_info: Java HotSpot(TM) 64-Bit Server VM (14.0.1+7) for windows-amd64 JRE (14.0.1+7), built on Mar  5 2020 10:30:14 by "mach5one" with MS VC++ 15.9 (VS2017)

END.
